{"level":"info","message":"Database indexes created successfully","service":"campus-event-hub","timestamp":"2025-10-14T09:34:33.677Z"}
{"level":"info","message":"Connected to MongoDB successfully","service":"campus-event-hub","timestamp":"2025-10-14T09:34:33.687Z"}
{"level":"info","message":"MongoDB connection is ready","service":"campus-event-hub","timestamp":"2025-10-14T09:34:33.766Z"}
{"level":"info","message":"Database indexes created successfully","service":"campus-event-hub","timestamp":"2025-10-14T09:44:00.345Z"}
{"level":"info","message":"Connected to MongoDB successfully","service":"campus-event-hub","timestamp":"2025-10-14T09:44:00.351Z"}
{"level":"info","message":"MongoDB connection is ready","service":"campus-event-hub","timestamp":"2025-10-14T09:44:00.430Z"}
{"level":"info","message":"MongoDB connection is ready","service":"campus-event-hub","timestamp":"2025-10-14T09:44:00.577Z"}
{"level":"info","message":"MongoDB connection is ready","service":"campus-event-hub","timestamp":"2025-10-14T09:44:00.697Z"}
{"level":"info","message":"Database indexes created successfully","service":"campus-event-hub","timestamp":"2025-10-14T09:44:35.476Z"}
{"level":"info","message":"Connected to MongoDB successfully","service":"campus-event-hub","timestamp":"2025-10-14T09:44:35.484Z"}
{"level":"info","message":"MongoDB connection is ready","service":"campus-event-hub","timestamp":"2025-10-14T09:44:35.571Z"}
{"level":"info","message":"MongoDB connection is ready","service":"campus-event-hub","timestamp":"2025-10-14T09:44:35.710Z"}
{"level":"info","message":"MongoDB connection is ready","service":"campus-event-hub","timestamp":"2025-10-14T09:44:35.836Z"}
{"level":"info","message":"Database indexes created successfully","service":"campus-event-hub","timestamp":"2025-10-14T09:45:39.791Z"}
{"level":"info","message":"Connected to MongoDB successfully","service":"campus-event-hub","timestamp":"2025-10-14T09:45:39.803Z"}
{"level":"info","message":"MongoDB connection is ready","service":"campus-event-hub","timestamp":"2025-10-14T09:45:39.883Z"}
{"level":"info","message":"MongoDB connection is ready","service":"campus-event-hub","timestamp":"2025-10-14T09:45:40.003Z"}
{"level":"info","message":"MongoDB connection is ready","service":"campus-event-hub","timestamp":"2025-10-14T09:45:40.122Z"}
{"level":"info","message":"Database indexes created successfully","service":"campus-event-hub","timestamp":"2025-10-14T09:51:48.872Z"}
{"level":"info","message":"Connected to MongoDB successfully","service":"campus-event-hub","timestamp":"2025-10-14T09:51:48.880Z"}
{"level":"info","message":"MongoDB connection is ready","service":"campus-event-hub","timestamp":"2025-10-14T09:51:48.962Z"}
{"level":"info","message":"MongoDB connection is ready","service":"campus-event-hub","timestamp":"2025-10-14T09:51:49.073Z"}
{"level":"info","message":"MongoDB connection is ready","service":"campus-event-hub","timestamp":"2025-10-14T09:51:49.186Z"}
{"level":"info","message":"Database indexes created successfully","service":"campus-event-hub","timestamp":"2025-10-14T09:53:16.119Z"}
{"level":"info","message":"Connected to MongoDB successfully","service":"campus-event-hub","timestamp":"2025-10-14T09:53:16.133Z"}
{"level":"info","message":"MongoDB connection is ready","service":"campus-event-hub","timestamp":"2025-10-14T09:53:16.193Z"}
{"level":"info","message":"MongoDB connection is ready","service":"campus-event-hub","timestamp":"2025-10-14T09:53:16.320Z"}
{"level":"info","message":"MongoDB connection is ready","service":"campus-event-hub","timestamp":"2025-10-14T09:53:16.444Z"}
{"level":"info","message":"Database indexes created successfully","service":"campus-event-hub","timestamp":"2025-10-14T09:54:58.055Z"}
{"level":"info","message":"Connected to MongoDB successfully","service":"campus-event-hub","timestamp":"2025-10-14T09:54:58.062Z"}
{"level":"info","message":"MongoDB connection is ready","service":"campus-event-hub","timestamp":"2025-10-14T09:54:58.163Z"}
{"level":"info","message":"MongoDB connection is ready","service":"campus-event-hub","timestamp":"2025-10-14T09:54:58.290Z"}
{"level":"info","message":"MongoDB connection is ready","service":"campus-event-hub","timestamp":"2025-10-14T09:54:58.404Z"}
{"level":"info","message":"Database indexes created successfully","service":"campus-event-hub","timestamp":"2025-10-14T10:00:47.654Z"}
{"level":"info","message":"Connected to MongoDB successfully","service":"campus-event-hub","timestamp":"2025-10-14T10:00:47.659Z"}
{"level":"info","message":"MongoDB connection is ready","service":"campus-event-hub","timestamp":"2025-10-14T10:00:47.751Z"}
{"level":"info","message":"MongoDB connection is ready","service":"campus-event-hub","timestamp":"2025-10-14T10:00:47.877Z"}
{"level":"info","message":"MongoDB connection is ready","service":"campus-event-hub","timestamp":"2025-10-14T10:00:47.995Z"}
{"level":"info","message":"Database indexes created successfully","service":"campus-event-hub","timestamp":"2025-10-14T10:06:02.322Z"}
{"level":"info","message":"Connected to MongoDB successfully","service":"campus-event-hub","timestamp":"2025-10-14T10:06:02.329Z"}
{"level":"info","message":"MongoDB connection is ready","service":"campus-event-hub","timestamp":"2025-10-14T10:06:02.411Z"}
{"level":"info","message":"MongoDB connection is ready","service":"campus-event-hub","timestamp":"2025-10-14T10:06:02.540Z"}
{"level":"info","message":"MongoDB connection is ready","service":"campus-event-hub","timestamp":"2025-10-14T10:06:02.663Z"}
{"ip":"::1","level":"error","message":"Cannot find /favicon.ico on this server","method":"GET","service":"campus-event-hub-error-handler","stack":"NotFoundError: Cannot find /favicon.ico on this server\n    at handle404 (C:\\Users\\lenovo\\Desktop\\New folder (3)\\utils\\errorHandler.js:134:17)\n    at Layer.handle [as handle_request] (C:\\Users\\lenovo\\Desktop\\New folder (3)\\node_modules\\express\\lib\\router\\layer.js:95:5)\n    at trim_prefix (C:\\Users\\lenovo\\Desktop\\New folder (3)\\node_modules\\express\\lib\\router\\index.js:328:13)\n    at C:\\Users\\lenovo\\Desktop\\New folder (3)\\node_modules\\express\\lib\\router\\index.js:286:9\n    at Function.process_params (C:\\Users\\lenovo\\Desktop\\New folder (3)\\node_modules\\express\\lib\\router\\index.js:346:12)\n    at next (C:\\Users\\lenovo\\Desktop\\New folder (3)\\node_modules\\express\\lib\\router\\index.js:280:10)\n    at C:\\Users\\lenovo\\Desktop\\New folder (3)\\server.js:103:3\n    at Layer.handle [as handle_request] (C:\\Users\\lenovo\\Desktop\\New folder (3)\\node_modules\\express\\lib\\router\\layer.js:95:5)\n    at trim_prefix (C:\\Users\\lenovo\\Desktop\\New folder (3)\\node_modules\\express\\lib\\router\\index.js:328:13)\n    at C:\\Users\\lenovo\\Desktop\\New folder (3)\\node_modules\\express\\lib\\router\\index.js:286:9","timestamp":"2025-10-14T10:06:19.510Z","url":"/favicon.ico","userAgent":"Mozilla/5.0 (Windows NT 10.0; Win64; x64) AppleWebKit/537.36 (KHTML, like Gecko) Chrome/140.0.0.0 Safari/537.36"}
{"ip":"::1","level":"error","message":"Cannot find /favicon.ico on this server","method":"GET","service":"campus-event-hub-error-handler","stack":"NotFoundError: Cannot find /favicon.ico on this server\n    at handle404 (C:\\Users\\lenovo\\Desktop\\New folder (3)\\utils\\errorHandler.js:134:17)\n    at Layer.handle [as handle_request] (C:\\Users\\lenovo\\Desktop\\New folder (3)\\node_modules\\express\\lib\\router\\layer.js:95:5)\n    at trim_prefix (C:\\Users\\lenovo\\Desktop\\New folder (3)\\node_modules\\express\\lib\\router\\index.js:328:13)\n    at C:\\Users\\lenovo\\Desktop\\New folder (3)\\node_modules\\express\\lib\\router\\index.js:286:9\n    at Function.process_params (C:\\Users\\lenovo\\Desktop\\New folder (3)\\node_modules\\express\\lib\\router\\index.js:346:12)\n    at next (C:\\Users\\lenovo\\Desktop\\New folder (3)\\node_modules\\express\\lib\\router\\index.js:280:10)\n    at C:\\Users\\lenovo\\Desktop\\New folder (3)\\server.js:103:3\n    at Layer.handle [as handle_request] (C:\\Users\\lenovo\\Desktop\\New folder (3)\\node_modules\\express\\lib\\router\\layer.js:95:5)\n    at trim_prefix (C:\\Users\\lenovo\\Desktop\\New folder (3)\\node_modules\\express\\lib\\router\\index.js:328:13)\n    at C:\\Users\\lenovo\\Desktop\\New folder (3)\\node_modules\\express\\lib\\router\\index.js:286:9","timestamp":"2025-10-14T10:24:26.091Z","url":"/favicon.ico","userAgent":"Mozilla/5.0 (Windows NT 10.0; Win64; x64) AppleWebKit/537.36 (KHTML, like Gecko) Chrome/140.0.0.0 Safari/537.36"}
{"level":"info","message":"Database indexes created successfully","service":"campus-event-hub","timestamp":"2025-10-14T11:03:21.311Z"}
{"level":"info","message":"Connected to MongoDB successfully","service":"campus-event-hub","timestamp":"2025-10-14T11:03:21.318Z"}
{"level":"info","message":"MongoDB connection is ready","service":"campus-event-hub","timestamp":"2025-10-14T11:03:21.387Z"}
{"level":"info","message":"MongoDB connection is ready","service":"campus-event-hub","timestamp":"2025-10-14T11:03:21.500Z"}
{"level":"info","message":"MongoDB connection is ready","service":"campus-event-hub","timestamp":"2025-10-14T11:03:21.624Z"}
{"level":"info","message":"Database indexes created successfully","service":"campus-event-hub","timestamp":"2025-10-14T13:20:11.719Z"}
{"level":"info","message":"Connected to MongoDB successfully","service":"campus-event-hub","timestamp":"2025-10-14T13:20:11.730Z"}
{"level":"info","message":"MongoDB connection is ready","service":"campus-event-hub","timestamp":"2025-10-14T13:20:11.778Z"}
{"level":"info","message":"MongoDB connection is ready","service":"campus-event-hub","timestamp":"2025-10-14T13:20:11.898Z"}
{"level":"info","message":"MongoDB connection is ready","service":"campus-event-hub","timestamp":"2025-10-14T13:20:12.024Z"}
{"ip":"::1","level":"error","message":"Cannot find /favicon.ico on this server","method":"GET","service":"campus-event-hub-error-handler","stack":"NotFoundError: Cannot find /favicon.ico on this server\n    at handle404 (C:\\Users\\lenovo\\Desktop\\New folder (3)\\utils\\errorHandler.js:134:17)\n    at Layer.handle [as handle_request] (C:\\Users\\lenovo\\Desktop\\New folder (3)\\node_modules\\express\\lib\\router\\layer.js:95:5)\n    at trim_prefix (C:\\Users\\lenovo\\Desktop\\New folder (3)\\node_modules\\express\\lib\\router\\index.js:328:13)\n    at C:\\Users\\lenovo\\Desktop\\New folder (3)\\node_modules\\express\\lib\\router\\index.js:286:9\n    at Function.process_params (C:\\Users\\lenovo\\Desktop\\New folder (3)\\node_modules\\express\\lib\\router\\index.js:346:12)\n    at next (C:\\Users\\lenovo\\Desktop\\New folder (3)\\node_modules\\express\\lib\\router\\index.js:280:10)\n    at C:\\Users\\lenovo\\Desktop\\New folder (3)\\server.js:107:3\n    at Layer.handle [as handle_request] (C:\\Users\\lenovo\\Desktop\\New folder (3)\\node_modules\\express\\lib\\router\\layer.js:95:5)\n    at trim_prefix (C:\\Users\\lenovo\\Desktop\\New folder (3)\\node_modules\\express\\lib\\router\\index.js:328:13)\n    at C:\\Users\\lenovo\\Desktop\\New folder (3)\\node_modules\\express\\lib\\router\\index.js:286:9","timestamp":"2025-10-14T13:25:15.970Z","url":"/favicon.ico","userAgent":"Mozilla/5.0 (Windows NT 10.0; Win64; x64) AppleWebKit/537.36 (KHTML, like Gecko) Chrome/140.0.0.0 Safari/537.36"}
{"level":"info","message":"Database indexes created successfully","service":"campus-event-hub","timestamp":"2025-10-14T13:55:07.942Z"}
{"level":"info","message":"Database indexes created successfully","service":"campus-event-hub","timestamp":"2025-10-14T13:56:58.973Z"}
{"level":"info","message":"Connected to MongoDB successfully","service":"campus-event-hub","timestamp":"2025-10-14T13:56:58.978Z"}
{"level":"info","message":"MongoDB connection is ready","service":"campus-event-hub","timestamp":"2025-10-14T13:56:59.070Z"}
{"level":"info","message":"MongoDB connection is ready","service":"campus-event-hub","timestamp":"2025-10-14T13:56:59.178Z"}
{"level":"info","message":"MongoDB connection is ready","service":"campus-event-hub","timestamp":"2025-10-14T13:56:59.291Z"}
{"ip":"::1","level":"error","message":"Cannot find /favicon.ico on this server","method":"GET","service":"campus-event-hub-error-handler","stack":"NotFoundError: Cannot find /favicon.ico on this server\n    at handle404 (C:\\Users\\lenovo\\Desktop\\New folder (3)\\utils\\errorHandler.js:134:17)\n    at Layer.handle [as handle_request] (C:\\Users\\lenovo\\Desktop\\New folder (3)\\node_modules\\express\\lib\\router\\layer.js:95:5)\n    at trim_prefix (C:\\Users\\lenovo\\Desktop\\New folder (3)\\node_modules\\express\\lib\\router\\index.js:328:13)\n    at C:\\Users\\lenovo\\Desktop\\New folder (3)\\node_modules\\express\\lib\\router\\index.js:286:9\n    at Function.process_params (C:\\Users\\lenovo\\Desktop\\New folder (3)\\node_modules\\express\\lib\\router\\index.js:346:12)\n    at next (C:\\Users\\lenovo\\Desktop\\New folder (3)\\node_modules\\express\\lib\\router\\index.js:280:10)\n    at C:\\Users\\lenovo\\Desktop\\New folder (3)\\server.js:111:3\n    at Layer.handle [as handle_request] (C:\\Users\\lenovo\\Desktop\\New folder (3)\\node_modules\\express\\lib\\router\\layer.js:95:5)\n    at trim_prefix (C:\\Users\\lenovo\\Desktop\\New folder (3)\\node_modules\\express\\lib\\router\\index.js:328:13)\n    at C:\\Users\\lenovo\\Desktop\\New folder (3)\\node_modules\\express\\lib\\router\\index.js:286:9","timestamp":"2025-10-14T13:57:05.549Z","url":"/favicon.ico","userAgent":"Mozilla/5.0 (Windows NT 10.0; Win64; x64) AppleWebKit/537.36 (KHTML, like Gecko) Chrome/140.0.0.0 Safari/537.36"}
{"level":"info","message":"Database indexes created successfully","service":"campus-event-hub","timestamp":"2025-10-14T14:12:44.757Z"}
{"level":"info","message":"Connected to MongoDB successfully","service":"campus-event-hub","timestamp":"2025-10-14T14:12:44.766Z"}
{"level":"info","message":"MongoDB connection is ready","service":"campus-event-hub","timestamp":"2025-10-14T14:12:44.845Z"}
{"level":"info","message":"MongoDB connection is ready","service":"campus-event-hub","timestamp":"2025-10-14T14:12:44.959Z"}
{"level":"info","message":"MongoDB connection is ready","service":"campus-event-hub","timestamp":"2025-10-14T14:12:45.097Z"}
{"ip":"::1","level":"error","message":"Cannot find /favicon.ico on this server","method":"GET","service":"campus-event-hub-error-handler","stack":"NotFoundError: Cannot find /favicon.ico on this server\n    at handle404 (C:\\Users\\lenovo\\Desktop\\New folder (3)\\utils\\errorHandler.js:134:17)\n    at Layer.handle [as handle_request] (C:\\Users\\lenovo\\Desktop\\New folder (3)\\node_modules\\express\\lib\\router\\layer.js:95:5)\n    at trim_prefix (C:\\Users\\lenovo\\Desktop\\New folder (3)\\node_modules\\express\\lib\\router\\index.js:328:13)\n    at C:\\Users\\lenovo\\Desktop\\New folder (3)\\node_modules\\express\\lib\\router\\index.js:286:9\n    at Function.process_params (C:\\Users\\lenovo\\Desktop\\New folder (3)\\node_modules\\express\\lib\\router\\index.js:346:12)\n    at next (C:\\Users\\lenovo\\Desktop\\New folder (3)\\node_modules\\express\\lib\\router\\index.js:280:10)\n    at C:\\Users\\lenovo\\Desktop\\New folder (3)\\server.js:111:3\n    at Layer.handle [as handle_request] (C:\\Users\\lenovo\\Desktop\\New folder (3)\\node_modules\\express\\lib\\router\\layer.js:95:5)\n    at trim_prefix (C:\\Users\\lenovo\\Desktop\\New folder (3)\\node_modules\\express\\lib\\router\\index.js:328:13)\n    at C:\\Users\\lenovo\\Desktop\\New folder (3)\\node_modules\\express\\lib\\router\\index.js:286:9","timestamp":"2025-10-14T14:47:38.814Z","url":"/favicon.ico","userAgent":"Mozilla/5.0 (Windows NT 10.0; Win64; x64) AppleWebKit/537.36 (KHTML, like Gecko) Chrome/140.0.0.0 Safari/537.36"}
{"level":"info","message":"Database indexes created successfully","service":"campus-event-hub","timestamp":"2025-10-14T17:05:44.839Z"}
{"level":"info","message":"Connected to MongoDB successfully","service":"campus-event-hub","timestamp":"2025-10-14T17:05:44.856Z"}
{"level":"info","message":"MongoDB connection is ready","service":"campus-event-hub","timestamp":"2025-10-14T17:05:44.913Z"}
{"level":"info","message":"MongoDB connection is ready","service":"campus-event-hub","timestamp":"2025-10-14T17:05:45.021Z"}
{"level":"info","message":"MongoDB connection is ready","service":"campus-event-hub","timestamp":"2025-10-14T17:05:45.128Z"}
{"ip":"::1","level":"error","message":"Cannot find /favicon.ico on this server","method":"GET","service":"campus-event-hub-error-handler","stack":"NotFoundError: Cannot find /favicon.ico on this server\n    at handle404 (C:\\Users\\lenovo\\Desktop\\New folder (3)\\utils\\errorHandler.js:134:17)\n    at Layer.handle [as handle_request] (C:\\Users\\lenovo\\Desktop\\New folder (3)\\node_modules\\express\\lib\\router\\layer.js:95:5)\n    at trim_prefix (C:\\Users\\lenovo\\Desktop\\New folder (3)\\node_modules\\express\\lib\\router\\index.js:328:13)\n    at C:\\Users\\lenovo\\Desktop\\New folder (3)\\node_modules\\express\\lib\\router\\index.js:286:9\n    at Function.process_params (C:\\Users\\lenovo\\Desktop\\New folder (3)\\node_modules\\express\\lib\\router\\index.js:346:12)\n    at next (C:\\Users\\lenovo\\Desktop\\New folder (3)\\node_modules\\express\\lib\\router\\index.js:280:10)\n    at C:\\Users\\lenovo\\Desktop\\New folder (3)\\server.js:111:3\n    at Layer.handle [as handle_request] (C:\\Users\\lenovo\\Desktop\\New folder (3)\\node_modules\\express\\lib\\router\\layer.js:95:5)\n    at trim_prefix (C:\\Users\\lenovo\\Desktop\\New folder (3)\\node_modules\\express\\lib\\router\\index.js:328:13)\n    at C:\\Users\\lenovo\\Desktop\\New folder (3)\\node_modules\\express\\lib\\router\\index.js:286:9","timestamp":"2025-10-14T17:05:52.509Z","url":"/favicon.ico","userAgent":"Mozilla/5.0 (Windows NT 10.0; Win64; x64) AppleWebKit/537.36 (KHTML, like Gecko) Chrome/140.0.0.0 Safari/537.36"}
{"level":"info","message":"Database indexes created successfully","service":"campus-event-hub","timestamp":"2025-10-14T17:09:56.564Z"}
{"level":"info","message":"Connected to MongoDB successfully","service":"campus-event-hub","timestamp":"2025-10-14T17:09:56.572Z"}
{"level":"info","message":"MongoDB connection is ready","service":"campus-event-hub","timestamp":"2025-10-14T17:09:56.651Z"}
{"level":"info","message":"MongoDB connection is ready","service":"campus-event-hub","timestamp":"2025-10-14T17:09:56.759Z"}
{"level":"info","message":"MongoDB connection is ready","service":"campus-event-hub","timestamp":"2025-10-14T17:09:56.868Z"}
{"level":"info","message":"Database indexes created successfully","service":"campus-event-hub","timestamp":"2025-10-14T17:11:27.740Z"}
{"level":"info","message":"Connected to MongoDB successfully","service":"campus-event-hub","timestamp":"2025-10-14T17:11:27.743Z"}
{"level":"info","message":"MongoDB connection is ready","service":"campus-event-hub","timestamp":"2025-10-14T17:11:27.841Z"}
{"level":"info","message":"MongoDB connection is ready","service":"campus-event-hub","timestamp":"2025-10-14T17:11:27.947Z"}
{"level":"info","message":"MongoDB connection is ready","service":"campus-event-hub","timestamp":"2025-10-14T17:11:28.056Z"}
{"level":"info","message":"Database indexes created successfully","service":"campus-event-hub","timestamp":"2025-10-14T17:19:12.398Z"}
{"level":"info","message":"Connected to MongoDB successfully","service":"campus-event-hub","timestamp":"2025-10-14T17:19:12.402Z"}
{"level":"info","message":"MongoDB connection is ready","service":"campus-event-hub","timestamp":"2025-10-14T17:19:12.498Z"}
{"level":"info","message":"MongoDB connection is ready","service":"campus-event-hub","timestamp":"2025-10-14T17:19:12.607Z"}
{"level":"info","message":"MongoDB connection is ready","service":"campus-event-hub","timestamp":"2025-10-14T17:19:12.717Z"}
{"level":"info","message":"Database indexes created successfully","service":"campus-event-hub","timestamp":"2025-10-14T17:25:41.065Z"}
{"level":"info","message":"Connected to MongoDB successfully","service":"campus-event-hub","timestamp":"2025-10-14T17:25:41.069Z"}
{"level":"info","message":"MongoDB connection is ready","service":"campus-event-hub","timestamp":"2025-10-14T17:25:41.174Z"}
{"level":"info","message":"MongoDB connection is ready","service":"campus-event-hub","timestamp":"2025-10-14T17:25:41.283Z"}
{"level":"info","message":"MongoDB connection is ready","service":"campus-event-hub","timestamp":"2025-10-14T17:25:41.397Z"}
{"level":"info","message":"Database indexes created successfully","service":"campus-event-hub","timestamp":"2025-10-14T17:29:02.991Z"}
{"level":"info","message":"Connected to MongoDB successfully","service":"campus-event-hub","timestamp":"2025-10-14T17:29:02.994Z"}
{"level":"info","message":"MongoDB connection is ready","service":"campus-event-hub","timestamp":"2025-10-14T17:29:03.087Z"}
{"level":"info","message":"MongoDB connection is ready","service":"campus-event-hub","timestamp":"2025-10-14T17:29:03.195Z"}
{"level":"info","message":"MongoDB connection is ready","service":"campus-event-hub","timestamp":"2025-10-14T17:29:03.302Z"}
{"level":"info","message":"Database indexes created successfully","service":"campus-event-hub","timestamp":"2025-10-14T17:34:47.877Z"}
{"level":"info","message":"Connected to MongoDB successfully","service":"campus-event-hub","timestamp":"2025-10-14T17:34:47.880Z"}
{"level":"info","message":"MongoDB connection is ready","service":"campus-event-hub","timestamp":"2025-10-14T17:34:47.982Z"}
{"level":"info","message":"MongoDB connection is ready","service":"campus-event-hub","timestamp":"2025-10-14T17:34:48.093Z"}
{"level":"info","message":"MongoDB connection is ready","service":"campus-event-hub","timestamp":"2025-10-14T17:34:48.213Z"}
{"level":"info","message":"Database indexes created successfully","service":"campus-event-hub","timestamp":"2025-10-14T17:41:46.113Z"}
{"level":"info","message":"Connected to MongoDB successfully","service":"campus-event-hub","timestamp":"2025-10-14T17:41:46.117Z"}
{"level":"info","message":"MongoDB connection is ready","service":"campus-event-hub","timestamp":"2025-10-14T17:41:46.207Z"}
{"level":"info","message":"MongoDB connection is ready","service":"campus-event-hub","timestamp":"2025-10-14T17:41:46.322Z"}
{"level":"info","message":"MongoDB connection is ready","service":"campus-event-hub","timestamp":"2025-10-14T17:41:46.441Z"}
{"level":"info","message":"Database indexes created successfully","service":"campus-event-hub","timestamp":"2025-10-14T17:46:42.590Z"}
{"level":"info","message":"Connected to MongoDB successfully","service":"campus-event-hub","timestamp":"2025-10-14T17:46:42.593Z"}
{"level":"info","message":"MongoDB connection is ready","service":"campus-event-hub","timestamp":"2025-10-14T17:46:42.727Z"}
{"level":"info","message":"MongoDB connection is ready","service":"campus-event-hub","timestamp":"2025-10-14T17:46:42.849Z"}
{"level":"info","message":"MongoDB connection is ready","service":"campus-event-hub","timestamp":"2025-10-14T17:46:42.969Z"}
{"level":"info","message":"Database indexes created successfully","service":"campus-event-hub","timestamp":"2025-10-14T18:15:20.868Z"}
{"level":"info","message":"Database indexes created successfully","service":"campus-event-hub","timestamp":"2025-10-14T18:16:18.569Z"}
{"level":"info","message":"Database indexes created successfully","service":"campus-event-hub","timestamp":"2025-10-14T18:16:55.594Z"}
{"level":"info","message":"Connected to MongoDB successfully","service":"campus-event-hub","timestamp":"2025-10-14T18:16:55.598Z"}
{"level":"info","message":"MongoDB connection is ready","service":"campus-event-hub","timestamp":"2025-10-14T18:16:55.697Z"}
{"level":"info","message":"MongoDB connection is ready","service":"campus-event-hub","timestamp":"2025-10-14T18:16:55.807Z"}
{"level":"info","message":"MongoDB connection is ready","service":"campus-event-hub","timestamp":"2025-10-14T18:16:55.919Z"}
{"ip":"::1","level":"error","message":"Cannot find /organizer/event/68ee09c588ec06bbb55ec0f7/registrations on this server","method":"GET","service":"campus-event-hub-error-handler","stack":"NotFoundError: Cannot find /organizer/event/68ee09c588ec06bbb55ec0f7/registrations on this server\n    at handle404 (C:\\Users\\lenovo\\Desktop\\New folder (3)\\utils\\errorHandler.js:134:17)\n    at Layer.handle [as handle_request] (C:\\Users\\lenovo\\Desktop\\New folder (3)\\node_modules\\express\\lib\\router\\layer.js:95:5)\n    at trim_prefix (C:\\Users\\lenovo\\Desktop\\New folder (3)\\node_modules\\express\\lib\\router\\index.js:328:13)\n    at C:\\Users\\lenovo\\Desktop\\New folder (3)\\node_modules\\express\\lib\\router\\index.js:286:9\n    at Function.process_params (C:\\Users\\lenovo\\Desktop\\New folder (3)\\node_modules\\express\\lib\\router\\index.js:346:12)\n    at next (C:\\Users\\lenovo\\Desktop\\New folder (3)\\node_modules\\express\\lib\\router\\index.js:280:10)\n    at C:\\Users\\lenovo\\Desktop\\New folder (3)\\server.js:116:3\n    at Layer.handle [as handle_request] (C:\\Users\\lenovo\\Desktop\\New folder (3)\\node_modules\\express\\lib\\router\\layer.js:95:5)\n    at trim_prefix (C:\\Users\\lenovo\\Desktop\\New folder (3)\\node_modules\\express\\lib\\router\\index.js:328:13)\n    at C:\\Users\\lenovo\\Desktop\\New folder (3)\\node_modules\\express\\lib\\router\\index.js:286:9","timestamp":"2025-10-14T18:27:04.090Z","url":"/organizer/event/68ee09c588ec06bbb55ec0f7/registrations","userAgent":"Mozilla/5.0 (Windows NT 10.0; Win64; x64) AppleWebKit/537.36 (KHTML, like Gecko) Chrome/140.0.0.0 Safari/537.36"}
{"level":"info","message":"Database indexes created successfully","service":"campus-event-hub","timestamp":"2025-10-14T18:28:52.037Z"}
{"ip":"::1","level":"error","message":"Cannot find /organizer/event/68ee09c588ec06bbb55ec0f7/registrations on this server","method":"GET","service":"campus-event-hub-error-handler","stack":"NotFoundError: Cannot find /organizer/event/68ee09c588ec06bbb55ec0f7/registrations on this server\n    at handle404 (C:\\Users\\lenovo\\Desktop\\New folder (3)\\utils\\errorHandler.js:134:17)\n    at Layer.handle [as handle_request] (C:\\Users\\lenovo\\Desktop\\New folder (3)\\node_modules\\express\\lib\\router\\layer.js:95:5)\n    at trim_prefix (C:\\Users\\lenovo\\Desktop\\New folder (3)\\node_modules\\express\\lib\\router\\index.js:328:13)\n    at C:\\Users\\lenovo\\Desktop\\New folder (3)\\node_modules\\express\\lib\\router\\index.js:286:9\n    at Function.process_params (C:\\Users\\lenovo\\Desktop\\New folder (3)\\node_modules\\express\\lib\\router\\index.js:346:12)\n    at next (C:\\Users\\lenovo\\Desktop\\New folder (3)\\node_modules\\express\\lib\\router\\index.js:280:10)\n    at C:\\Users\\lenovo\\Desktop\\New folder (3)\\server.js:116:3\n    at Layer.handle [as handle_request] (C:\\Users\\lenovo\\Desktop\\New folder (3)\\node_modules\\express\\lib\\router\\layer.js:95:5)\n    at trim_prefix (C:\\Users\\lenovo\\Desktop\\New folder (3)\\node_modules\\express\\lib\\router\\index.js:328:13)\n    at C:\\Users\\lenovo\\Desktop\\New folder (3)\\node_modules\\express\\lib\\router\\index.js:286:9","timestamp":"2025-10-14T18:30:36.732Z","url":"/organizer/event/68ee09c588ec06bbb55ec0f7/registrations","userAgent":"Mozilla/5.0 (Windows NT 10.0; Win64; x64) AppleWebKit/537.36 (KHTML, like Gecko) Chrome/140.0.0.0 Safari/537.36"}
{"level":"info","message":"Database indexes created successfully","service":"campus-event-hub","timestamp":"2025-10-14T18:34:58.358Z"}
{"level":"info","message":"Connected to MongoDB successfully","service":"campus-event-hub","timestamp":"2025-10-14T18:34:58.361Z"}
{"level":"info","message":"MongoDB connection is ready","service":"campus-event-hub","timestamp":"2025-10-14T18:34:58.454Z"}
{"level":"info","message":"MongoDB connection is ready","service":"campus-event-hub","timestamp":"2025-10-14T18:34:58.563Z"}
{"level":"info","message":"MongoDB connection is ready","service":"campus-event-hub","timestamp":"2025-10-14T18:34:58.673Z"}
{"level":"info","message":"Database indexes created successfully","service":"campus-event-hub","timestamp":"2025-10-14T18:54:05.084Z"}
{"level":"info","message":"Database indexes created successfully","service":"campus-event-hub","timestamp":"2025-10-14T18:54:56.746Z"}
{"level":"info","message":"Connected to MongoDB successfully","service":"campus-event-hub","timestamp":"2025-10-14T18:54:56.749Z"}
{"level":"info","message":"MongoDB connection is ready","service":"campus-event-hub","timestamp":"2025-10-14T18:54:56.853Z"}
{"level":"info","message":"MongoDB connection is ready","service":"campus-event-hub","timestamp":"2025-10-14T18:54:56.960Z"}
{"level":"info","message":"MongoDB connection is ready","service":"campus-event-hub","timestamp":"2025-10-14T18:54:57.069Z"}
{"level":"info","message":"Database indexes created successfully","service":"campus-event-hub","timestamp":"2025-10-14T18:57:45.327Z"}
{"level":"info","message":"Database indexes created successfully","service":"campus-event-hub","timestamp":"2025-10-14T18:58:15.402Z"}
{"level":"info","message":"Connected to MongoDB successfully","service":"campus-event-hub","timestamp":"2025-10-14T18:58:15.409Z"}
{"level":"info","message":"MongoDB connection is ready","service":"campus-event-hub","timestamp":"2025-10-14T18:58:15.496Z"}
{"level":"info","message":"MongoDB connection is ready","service":"campus-event-hub","timestamp":"2025-10-14T18:58:15.617Z"}
{"level":"info","message":"MongoDB connection is ready","service":"campus-event-hub","timestamp":"2025-10-14T18:58:15.742Z"}
{"level":"info","message":"Database indexes created successfully","service":"campus-event-hub","timestamp":"2025-10-16T07:52:52.217Z"}
{"level":"info","message":"Connected to MongoDB successfully","service":"campus-event-hub","timestamp":"2025-10-16T07:52:52.220Z"}
{"level":"info","message":"MongoDB connection is ready","service":"campus-event-hub","timestamp":"2025-10-16T07:52:52.302Z"}
{"level":"info","message":"MongoDB connection is ready","service":"campus-event-hub","timestamp":"2025-10-16T07:52:52.421Z"}
{"level":"info","message":"MongoDB connection is ready","service":"campus-event-hub","timestamp":"2025-10-16T07:52:52.529Z"}
{"level":"info","message":"Database indexes created successfully","service":"campus-event-hub","timestamp":"2025-10-16T07:58:00.648Z"}
{"level":"info","message":"Connected to MongoDB successfully","service":"campus-event-hub","timestamp":"2025-10-16T07:58:00.651Z"}
{"level":"info","message":"MongoDB connection is ready","service":"campus-event-hub","timestamp":"2025-10-16T07:58:00.738Z"}
{"level":"info","message":"MongoDB connection is ready","service":"campus-event-hub","timestamp":"2025-10-16T07:58:00.850Z"}
{"level":"info","message":"MongoDB connection is ready","service":"campus-event-hub","timestamp":"2025-10-16T07:58:00.958Z"}
{"level":"info","message":"Database indexes created successfully","service":"campus-event-hub","timestamp":"2025-10-16T08:04:06.088Z"}
{"level":"info","message":"Connected to MongoDB successfully","service":"campus-event-hub","timestamp":"2025-10-16T08:04:06.091Z"}
{"level":"info","message":"MongoDB connection is ready","service":"campus-event-hub","timestamp":"2025-10-16T08:04:06.186Z"}
{"level":"info","message":"MongoDB connection is ready","service":"campus-event-hub","timestamp":"2025-10-16T08:04:06.304Z"}
{"level":"info","message":"MongoDB connection is ready","service":"campus-event-hub","timestamp":"2025-10-16T08:04:06.420Z"}
{"level":"info","message":"Database indexes created successfully","service":"campus-event-hub","timestamp":"2025-10-16T16:48:44.013Z"}
{"level":"info","message":"Connected to MongoDB successfully","service":"campus-event-hub","timestamp":"2025-10-16T16:48:44.016Z"}
{"level":"info","message":"MongoDB connection is ready","service":"campus-event-hub","timestamp":"2025-10-16T16:48:44.098Z"}
{"level":"info","message":"MongoDB connection is ready","service":"campus-event-hub","timestamp":"2025-10-16T16:48:44.208Z"}
{"level":"info","message":"MongoDB connection is ready","service":"campus-event-hub","timestamp":"2025-10-16T16:48:44.320Z"}
{"level":"info","message":"Database indexes created successfully","service":"campus-event-hub","timestamp":"2025-10-16T17:35:29.966Z"}
{"level":"info","message":"Connected to MongoDB successfully","service":"campus-event-hub","timestamp":"2025-10-16T17:35:29.971Z"}
{"level":"info","message":"MongoDB connection is ready","service":"campus-event-hub","timestamp":"2025-10-16T17:35:30.045Z"}
{"level":"info","message":"MongoDB connection is ready","service":"campus-event-hub","timestamp":"2025-10-16T17:35:30.153Z"}
{"level":"info","message":"MongoDB connection is ready","service":"campus-event-hub","timestamp":"2025-10-16T17:35:30.268Z"}
{"level":"warn","message":"MongoDB connection closed","service":"campus-event-hub","timestamp":"2025-10-16T18:00:47.871Z"}
{"level":"warn","message":"MongoDB connection closed","service":"campus-event-hub","timestamp":"2025-10-16T18:00:47.876Z"}
{"level":"warn","message":"MongoDB connection closed","service":"campus-event-hub","timestamp":"2025-10-16T18:00:47.877Z"}
{"level":"warn","message":"MongoDB connection closed","service":"campus-event-hub","timestamp":"2025-10-16T18:00:47.877Z"}
{"level":"warn","message":"MongoDB connection closed","service":"campus-event-hub","timestamp":"2025-10-16T18:00:47.877Z"}
{"level":"info","message":"MongoDB connection is ready","service":"campus-event-hub","timestamp":"2025-10-16T18:00:47.890Z"}
{"level":"info","message":"MongoDB connection is ready","service":"campus-event-hub","timestamp":"2025-10-16T18:00:48.019Z"}
{"level":"info","message":"MongoDB connection is ready","service":"campus-event-hub","timestamp":"2025-10-16T18:00:48.132Z"}
{"level":"info","message":"MongoDB connection is ready","service":"campus-event-hub","timestamp":"2025-10-16T18:00:48.258Z"}
{"level":"info","message":"MongoDB connection is ready","service":"campus-event-hub","timestamp":"2025-10-16T18:00:48.376Z"}
{"level":"info","message":"Database indexes created successfully","service":"campus-event-hub","timestamp":"2025-10-16T18:02:36.093Z"}
{"level":"info","message":"Connected to MongoDB successfully","service":"campus-event-hub","timestamp":"2025-10-16T18:02:36.095Z"}
{"level":"info","message":"MongoDB connection is ready","service":"campus-event-hub","timestamp":"2025-10-16T18:02:36.203Z"}
{"level":"info","message":"MongoDB connection is ready","service":"campus-event-hub","timestamp":"2025-10-16T18:02:36.322Z"}
{"level":"info","message":"MongoDB connection is ready","service":"campus-event-hub","timestamp":"2025-10-16T18:02:36.428Z"}
{"level":"info","message":"Database indexes created successfully","service":"campus-event-hub","timestamp":"2025-10-16T18:13:03.485Z"}
{"level":"info","message":"Connected to MongoDB successfully","service":"campus-event-hub","timestamp":"2025-10-16T18:13:03.488Z"}
{"level":"info","message":"MongoDB connection is ready","service":"campus-event-hub","timestamp":"2025-10-16T18:13:03.593Z"}
{"level":"info","message":"MongoDB connection is ready","service":"campus-event-hub","timestamp":"2025-10-16T18:13:03.704Z"}
{"level":"info","message":"MongoDB connection is ready","service":"campus-event-hub","timestamp":"2025-10-16T18:13:03.813Z"}
{"level":"info","message":"Database indexes created successfully","service":"campus-event-hub","timestamp":"2025-10-16T18:23:41.709Z"}
{"level":"info","message":"Connected to MongoDB successfully","service":"campus-event-hub","timestamp":"2025-10-16T18:23:41.711Z"}
{"level":"info","message":"MongoDB connection is ready","service":"campus-event-hub","timestamp":"2025-10-16T18:23:41.808Z"}
{"level":"info","message":"MongoDB connection is ready","service":"campus-event-hub","timestamp":"2025-10-16T18:23:41.923Z"}
{"level":"info","message":"MongoDB connection is ready","service":"campus-event-hub","timestamp":"2025-10-16T18:23:42.036Z"}
{"ip":"::1","level":"error","message":"Cannot find /student/cancel-registration/68ee0a7e88ec06bbb55ec0f8 on this server","method":"POST","service":"campus-event-hub-error-handler","stack":"NotFoundError: Cannot find /student/cancel-registration/68ee0a7e88ec06bbb55ec0f8 on this server\n    at handle404 (C:\\Users\\lenovo\\Desktop\\New folder (3)\\utils\\errorHandler.js:134:17)\n    at Layer.handle [as handle_request] (C:\\Users\\lenovo\\Desktop\\New folder (3)\\node_modules\\express\\lib\\router\\layer.js:95:5)\n    at trim_prefix (C:\\Users\\lenovo\\Desktop\\New folder (3)\\node_modules\\express\\lib\\router\\index.js:328:13)\n    at C:\\Users\\lenovo\\Desktop\\New folder (3)\\node_modules\\express\\lib\\router\\index.js:286:9\n    at Function.process_params (C:\\Users\\lenovo\\Desktop\\New folder (3)\\node_modules\\express\\lib\\router\\index.js:346:12)\n    at next (C:\\Users\\lenovo\\Desktop\\New folder (3)\\node_modules\\express\\lib\\router\\index.js:280:10)\n    at C:\\Users\\lenovo\\Desktop\\New folder (3)\\server.js:120:3\n    at Layer.handle [as handle_request] (C:\\Users\\lenovo\\Desktop\\New folder (3)\\node_modules\\express\\lib\\router\\layer.js:95:5)\n    at trim_prefix (C:\\Users\\lenovo\\Desktop\\New folder (3)\\node_modules\\express\\lib\\router\\index.js:328:13)\n    at C:\\Users\\lenovo\\Desktop\\New folder (3)\\node_modules\\express\\lib\\router\\index.js:286:9","timestamp":"2025-10-16T18:45:45.195Z","url":"/student/cancel-registration/68ee0a7e88ec06bbb55ec0f8","userAgent":"Mozilla/5.0 (Windows NT 10.0; Win64; x64) AppleWebKit/537.36 (KHTML, like Gecko) Chrome/141.0.0.0 Safari/537.36"}
{"ip":"::1","level":"error","message":"Cannot find /student/cancel-registration/68ee0a7e88ec06bbb55ec0f8 on this server","method":"POST","service":"campus-event-hub-error-handler","stack":"NotFoundError: Cannot find /student/cancel-registration/68ee0a7e88ec06bbb55ec0f8 on this server\n    at handle404 (C:\\Users\\lenovo\\Desktop\\New folder (3)\\utils\\errorHandler.js:134:17)\n    at Layer.handle [as handle_request] (C:\\Users\\lenovo\\Desktop\\New folder (3)\\node_modules\\express\\lib\\router\\layer.js:95:5)\n    at trim_prefix (C:\\Users\\lenovo\\Desktop\\New folder (3)\\node_modules\\express\\lib\\router\\index.js:328:13)\n    at C:\\Users\\lenovo\\Desktop\\New folder (3)\\node_modules\\express\\lib\\router\\index.js:286:9\n    at Function.process_params (C:\\Users\\lenovo\\Desktop\\New folder (3)\\node_modules\\express\\lib\\router\\index.js:346:12)\n    at next (C:\\Users\\lenovo\\Desktop\\New folder (3)\\node_modules\\express\\lib\\router\\index.js:280:10)\n    at C:\\Users\\lenovo\\Desktop\\New folder (3)\\server.js:120:3\n    at Layer.handle [as handle_request] (C:\\Users\\lenovo\\Desktop\\New folder (3)\\node_modules\\express\\lib\\router\\layer.js:95:5)\n    at trim_prefix (C:\\Users\\lenovo\\Desktop\\New folder (3)\\node_modules\\express\\lib\\router\\index.js:328:13)\n    at C:\\Users\\lenovo\\Desktop\\New folder (3)\\node_modules\\express\\lib\\router\\index.js:286:9","timestamp":"2025-10-16T18:48:36.125Z","url":"/student/cancel-registration/68ee0a7e88ec06bbb55ec0f8","userAgent":"Mozilla/5.0 (Windows NT 10.0; Win64; x64) AppleWebKit/537.36 (KHTML, like Gecko) Chrome/141.0.0.0 Safari/537.36"}
{"ip":"::1","level":"error","message":"Cannot find /student/cancel-registration/68ee0a7e88ec06bbb55ec0f8 on this server","method":"POST","service":"campus-event-hub-error-handler","stack":"NotFoundError: Cannot find /student/cancel-registration/68ee0a7e88ec06bbb55ec0f8 on this server\n    at handle404 (C:\\Users\\lenovo\\Desktop\\New folder (3)\\utils\\errorHandler.js:134:17)\n    at Layer.handle [as handle_request] (C:\\Users\\lenovo\\Desktop\\New folder (3)\\node_modules\\express\\lib\\router\\layer.js:95:5)\n    at trim_prefix (C:\\Users\\lenovo\\Desktop\\New folder (3)\\node_modules\\express\\lib\\router\\index.js:328:13)\n    at C:\\Users\\lenovo\\Desktop\\New folder (3)\\node_modules\\express\\lib\\router\\index.js:286:9\n    at Function.process_params (C:\\Users\\lenovo\\Desktop\\New folder (3)\\node_modules\\express\\lib\\router\\index.js:346:12)\n    at next (C:\\Users\\lenovo\\Desktop\\New folder (3)\\node_modules\\express\\lib\\router\\index.js:280:10)\n    at C:\\Users\\lenovo\\Desktop\\New folder (3)\\server.js:120:3\n    at Layer.handle [as handle_request] (C:\\Users\\lenovo\\Desktop\\New folder (3)\\node_modules\\express\\lib\\router\\layer.js:95:5)\n    at trim_prefix (C:\\Users\\lenovo\\Desktop\\New folder (3)\\node_modules\\express\\lib\\router\\index.js:328:13)\n    at C:\\Users\\lenovo\\Desktop\\New folder (3)\\node_modules\\express\\lib\\router\\index.js:286:9","timestamp":"2025-10-16T18:48:40.069Z","url":"/student/cancel-registration/68ee0a7e88ec06bbb55ec0f8","userAgent":"Mozilla/5.0 (Windows NT 10.0; Win64; x64) AppleWebKit/537.36 (KHTML, like Gecko) Chrome/141.0.0.0 Safari/537.36"}
{"level":"info","message":"Database indexes created successfully","service":"campus-event-hub","timestamp":"2025-10-16T18:49:07.084Z"}
{"level":"info","message":"Connected to MongoDB successfully","service":"campus-event-hub","timestamp":"2025-10-16T18:49:07.087Z"}
{"level":"info","message":"MongoDB connection is ready","service":"campus-event-hub","timestamp":"2025-10-16T18:49:07.183Z"}
{"level":"info","message":"MongoDB connection is ready","service":"campus-event-hub","timestamp":"2025-10-16T18:49:07.291Z"}
{"level":"info","message":"MongoDB connection is ready","service":"campus-event-hub","timestamp":"2025-10-16T18:49:07.411Z"}
{"level":"info","message":"Database indexes created successfully","service":"campus-event-hub","timestamp":"2025-10-18T18:34:55.778Z"}
{"level":"info","message":"Connected to MongoDB successfully","service":"campus-event-hub","timestamp":"2025-10-18T18:34:55.780Z"}
{"level":"info","message":"MongoDB connection is ready","service":"campus-event-hub","timestamp":"2025-10-18T18:34:55.862Z"}
{"level":"info","message":"MongoDB connection is ready","service":"campus-event-hub","timestamp":"2025-10-18T18:34:55.976Z"}
{"level":"info","message":"MongoDB connection is ready","service":"campus-event-hub","timestamp":"2025-10-18T18:34:56.091Z"}
{"level":"info","message":"Database indexes created successfully","service":"campus-event-hub","timestamp":"2025-10-18T19:13:02.098Z"}
{"level":"info","message":"Database indexes created successfully","service":"campus-event-hub","timestamp":"2025-10-18T19:16:21.813Z"}
{"level":"info","message":"Connected to MongoDB successfully","service":"campus-event-hub","timestamp":"2025-10-18T19:16:21.815Z"}
{"level":"info","message":"MongoDB connection is ready","service":"campus-event-hub","timestamp":"2025-10-18T19:16:21.918Z"}
{"level":"info","message":"MongoDB connection is ready","service":"campus-event-hub","timestamp":"2025-10-18T19:16:22.029Z"}
{"level":"info","message":"MongoDB connection is ready","service":"campus-event-hub","timestamp":"2025-10-18T19:16:22.137Z"}
{"level":"info","message":"Database indexes created successfully","service":"campus-event-hub","timestamp":"2025-10-19T09:21:02.216Z"}
{"level":"info","message":"Connected to MongoDB successfully","service":"campus-event-hub","timestamp":"2025-10-19T09:21:02.220Z"}
{"level":"info","message":"MongoDB connection is ready","service":"campus-event-hub","timestamp":"2025-10-19T09:21:02.303Z"}
{"level":"info","message":"MongoDB connection is ready","service":"campus-event-hub","timestamp":"2025-10-19T09:21:02.417Z"}
{"level":"info","message":"MongoDB connection is ready","service":"campus-event-hub","timestamp":"2025-10-19T09:21:02.528Z"}
{"ip":"::1","level":"error","message":"Cannot find /api/events/68f4b2b98d716eef711be880 on this server","method":"GET","service":"campus-event-hub-error-handler","stack":"NotFoundError: Cannot find /api/events/68f4b2b98d716eef711be880 on this server\n    at handle404 (C:\\Users\\lenovo\\Desktop\\New folder (3)\\utils\\errorHandler.js:134:17)\n    at Layer.handle [as handle_request] (C:\\Users\\lenovo\\Desktop\\New folder (3)\\node_modules\\express\\lib\\router\\layer.js:95:5)\n    at trim_prefix (C:\\Users\\lenovo\\Desktop\\New folder (3)\\node_modules\\express\\lib\\router\\index.js:328:13)\n    at C:\\Users\\lenovo\\Desktop\\New folder (3)\\node_modules\\express\\lib\\router\\index.js:286:9\n    at Function.process_params (C:\\Users\\lenovo\\Desktop\\New folder (3)\\node_modules\\express\\lib\\router\\index.js:346:12)\n    at next (C:\\Users\\lenovo\\Desktop\\New folder (3)\\node_modules\\express\\lib\\router\\index.js:280:10)\n    at C:\\Users\\lenovo\\Desktop\\New folder (3)\\server.js:120:3\n    at Layer.handle [as handle_request] (C:\\Users\\lenovo\\Desktop\\New folder (3)\\node_modules\\express\\lib\\router\\layer.js:95:5)\n    at trim_prefix (C:\\Users\\lenovo\\Desktop\\New folder (3)\\node_modules\\express\\lib\\router\\index.js:328:13)\n    at C:\\Users\\lenovo\\Desktop\\New folder (3)\\node_modules\\express\\lib\\router\\index.js:286:9","timestamp":"2025-10-19T09:43:54.311Z","url":"/api/events/68f4b2b98d716eef711be880","userAgent":"Mozilla/5.0 (Windows NT 10.0; Win64; x64) AppleWebKit/537.36 (KHTML, like Gecko) Chrome/141.0.0.0 Safari/537.36"}
{"ip":"::1","level":"error","message":"Cannot find /api/events/test on this server","method":"GET","service":"campus-event-hub-error-handler","stack":"NotFoundError: Cannot find /api/events/test on this server\n    at handle404 (C:\\Users\\lenovo\\Desktop\\New folder (3)\\utils\\errorHandler.js:134:17)\n    at Layer.handle [as handle_request] (C:\\Users\\lenovo\\Desktop\\New folder (3)\\node_modules\\express\\lib\\router\\layer.js:95:5)\n    at trim_prefix (C:\\Users\\lenovo\\Desktop\\New folder (3)\\node_modules\\express\\lib\\router\\index.js:328:13)\n    at C:\\Users\\lenovo\\Desktop\\New folder (3)\\node_modules\\express\\lib\\router\\index.js:286:9\n    at Function.process_params (C:\\Users\\lenovo\\Desktop\\New folder (3)\\node_modules\\express\\lib\\router\\index.js:346:12)\n    at next (C:\\Users\\lenovo\\Desktop\\New folder (3)\\node_modules\\express\\lib\\router\\index.js:280:10)\n    at C:\\Users\\lenovo\\Desktop\\New folder (3)\\server.js:120:3\n    at Layer.handle [as handle_request] (C:\\Users\\lenovo\\Desktop\\New folder (3)\\node_modules\\express\\lib\\router\\layer.js:95:5)\n    at trim_prefix (C:\\Users\\lenovo\\Desktop\\New folder (3)\\node_modules\\express\\lib\\router\\index.js:328:13)\n    at C:\\Users\\lenovo\\Desktop\\New folder (3)\\node_modules\\express\\lib\\router\\index.js:286:9","timestamp":"2025-10-19T09:58:51.366Z","url":"/api/events/test","userAgent":"Mozilla/5.0 (Windows NT; Windows NT 10.0; en-GB) WindowsPowerShell/5.1.26100.6725"}
{"level":"info","message":"Database indexes created successfully","service":"campus-event-hub","timestamp":"2025-10-19T09:59:16.047Z"}
{"level":"info","message":"Connected to MongoDB successfully","service":"campus-event-hub","timestamp":"2025-10-19T09:59:16.058Z"}
{"ip":"::1","level":"error","message":"Cannot find /api/events/68f4b2b98d716eef711be880 on this server","method":"GET","service":"campus-event-hub-error-handler","stack":"NotFoundError: Cannot find /api/events/68f4b2b98d716eef711be880 on this server\n    at handle404 (C:\\Users\\lenovo\\Desktop\\New folder (3)\\utils\\errorHandler.js:134:17)\n    at Layer.handle [as handle_request] (C:\\Users\\lenovo\\Desktop\\New folder (3)\\node_modules\\express\\lib\\router\\layer.js:95:5)\n    at trim_prefix (C:\\Users\\lenovo\\Desktop\\New folder (3)\\node_modules\\express\\lib\\router\\index.js:328:13)\n    at C:\\Users\\lenovo\\Desktop\\New folder (3)\\node_modules\\express\\lib\\router\\index.js:286:9\n    at Function.process_params (C:\\Users\\lenovo\\Desktop\\New folder (3)\\node_modules\\express\\lib\\router\\index.js:346:12)\n    at next (C:\\Users\\lenovo\\Desktop\\New folder (3)\\node_modules\\express\\lib\\router\\index.js:280:10)\n    at C:\\Users\\lenovo\\Desktop\\New folder (3)\\server.js:120:3\n    at Layer.handle [as handle_request] (C:\\Users\\lenovo\\Desktop\\New folder (3)\\node_modules\\express\\lib\\router\\layer.js:95:5)\n    at trim_prefix (C:\\Users\\lenovo\\Desktop\\New folder (3)\\node_modules\\express\\lib\\router\\index.js:328:13)\n    at C:\\Users\\lenovo\\Desktop\\New folder (3)\\node_modules\\express\\lib\\router\\index.js:286:9","timestamp":"2025-10-19T09:59:29.750Z","url":"/api/events/68f4b2b98d716eef711be880","userAgent":"Mozilla/5.0 (Windows NT; Windows NT 10.0; en-GB) WindowsPowerShell/5.1.26100.6725"}
{"level":"info","message":"Database indexes created successfully","service":"campus-event-hub","timestamp":"2025-10-19T09:59:54.778Z"}
{"ip":"::1","level":"error","message":"Cannot find /api/events/68f4b2b98d716eef711be880 on this server","method":"GET","service":"campus-event-hub-error-handler","stack":"NotFoundError: Cannot find /api/events/68f4b2b98d716eef711be880 on this server\n    at handle404 (C:\\Users\\lenovo\\Desktop\\New folder (3)\\utils\\errorHandler.js:134:17)\n    at Layer.handle [as handle_request] (C:\\Users\\lenovo\\Desktop\\New folder (3)\\node_modules\\express\\lib\\router\\layer.js:95:5)\n    at trim_prefix (C:\\Users\\lenovo\\Desktop\\New folder (3)\\node_modules\\express\\lib\\router\\index.js:328:13)\n    at C:\\Users\\lenovo\\Desktop\\New folder (3)\\node_modules\\express\\lib\\router\\index.js:286:9\n    at Function.process_params (C:\\Users\\lenovo\\Desktop\\New folder (3)\\node_modules\\express\\lib\\router\\index.js:346:12)\n    at next (C:\\Users\\lenovo\\Desktop\\New folder (3)\\node_modules\\express\\lib\\router\\index.js:280:10)\n    at C:\\Users\\lenovo\\Desktop\\New folder (3)\\server.js:120:3\n    at Layer.handle [as handle_request] (C:\\Users\\lenovo\\Desktop\\New folder (3)\\node_modules\\express\\lib\\router\\layer.js:95:5)\n    at trim_prefix (C:\\Users\\lenovo\\Desktop\\New folder (3)\\node_modules\\express\\lib\\router\\index.js:328:13)\n    at C:\\Users\\lenovo\\Desktop\\New folder (3)\\node_modules\\express\\lib\\router\\index.js:286:9","timestamp":"2025-10-19T10:00:05.801Z","url":"/api/events/68f4b2b98d716eef711be880","userAgent":"Mozilla/5.0 (Windows NT; Windows NT 10.0; en-GB) WindowsPowerShell/5.1.26100.6725"}
{"level":"info","message":"Database indexes created successfully","service":"campus-event-hub","timestamp":"2025-10-19T10:02:38.454Z"}
{"level":"info","message":"Connected to MongoDB successfully","service":"campus-event-hub","timestamp":"2025-10-19T10:02:38.456Z"}
{"level":"info","message":"MongoDB connection is ready","service":"campus-event-hub","timestamp":"2025-10-19T10:02:38.552Z"}
{"level":"info","message":"MongoDB connection is ready","service":"campus-event-hub","timestamp":"2025-10-19T10:02:38.662Z"}
{"level":"info","message":"MongoDB connection is ready","service":"campus-event-hub","timestamp":"2025-10-19T10:02:38.773Z"}
{"level":"info","message":"Database indexes created successfully","service":"campus-event-hub","timestamp":"2025-10-19T10:05:30.662Z"}
{"level":"info","message":"Connected to MongoDB successfully","service":"campus-event-hub","timestamp":"2025-10-19T10:05:30.665Z"}
{"level":"info","message":"Database indexes created successfully","service":"campus-event-hub","timestamp":"2025-10-19T10:07:08.506Z"}
{"level":"info","message":"Connected to MongoDB successfully","service":"campus-event-hub","timestamp":"2025-10-19T10:07:08.510Z"}
{"level":"info","message":"Database indexes created successfully","service":"campus-event-hub","timestamp":"2025-10-19T10:07:26.466Z"}
{"level":"info","message":"Connected to MongoDB successfully","service":"campus-event-hub","timestamp":"2025-10-19T10:07:26.470Z"}
{"level":"info","message":"Database indexes created successfully","service":"campus-event-hub","timestamp":"2025-10-19T10:08:22.745Z"}
{"level":"info","message":"Database indexes created successfully","service":"campus-event-hub","timestamp":"2025-10-19T10:09:07.860Z"}
{"level":"info","message":"Database indexes created successfully","service":"campus-event-hub","timestamp":"2025-10-19T10:10:12.329Z"}
{"level":"info","message":"Database indexes created successfully","service":"campus-event-hub","timestamp":"2025-10-19T10:11:24.339Z"}
{"level":"info","message":"Database indexes created successfully","service":"campus-event-hub","timestamp":"2025-10-19T10:24:32.758Z"}
{"level":"info","message":"Connected to MongoDB successfully","service":"campus-event-hub","timestamp":"2025-10-19T10:24:32.761Z"}
{"level":"info","message":"MongoDB connection is ready","service":"campus-event-hub","timestamp":"2025-10-19T10:24:32.848Z"}
{"level":"info","message":"MongoDB connection is ready","service":"campus-event-hub","timestamp":"2025-10-19T10:24:32.957Z"}
{"level":"info","message":"MongoDB connection is ready","service":"campus-event-hub","timestamp":"2025-10-19T10:24:33.066Z"}
{"level":"info","message":"Database indexes created successfully","service":"campus-event-hub","timestamp":"2025-10-19T10:34:39.860Z"}
{"level":"info","message":"Connected to MongoDB successfully","service":"campus-event-hub","timestamp":"2025-10-19T10:34:39.862Z"}
{"level":"info","message":"MongoDB connection is ready","service":"campus-event-hub","timestamp":"2025-10-19T10:34:39.966Z"}
{"level":"info","message":"MongoDB connection is ready","service":"campus-event-hub","timestamp":"2025-10-19T10:34:40.075Z"}
{"level":"info","message":"MongoDB connection is ready","service":"campus-event-hub","timestamp":"2025-10-19T10:34:40.182Z"}
{"level":"info","message":"Database indexes created successfully","service":"campus-event-hub","timestamp":"2025-10-19T10:39:16.366Z"}
{"level":"info","message":"Connected to MongoDB successfully","service":"campus-event-hub","timestamp":"2025-10-19T10:39:16.368Z"}
{"level":"info","message":"MongoDB connection is ready","service":"campus-event-hub","timestamp":"2025-10-19T10:39:16.474Z"}
{"level":"info","message":"MongoDB connection is ready","service":"campus-event-hub","timestamp":"2025-10-19T10:39:16.583Z"}
{"level":"info","message":"MongoDB connection is ready","service":"campus-event-hub","timestamp":"2025-10-19T10:39:16.692Z"}
{"level":"info","message":"Database indexes created successfully","service":"campus-event-hub","timestamp":"2025-10-19T10:58:17.856Z"}
{"level":"info","message":"Connected to MongoDB successfully","service":"campus-event-hub","timestamp":"2025-10-19T10:58:17.858Z"}
{"level":"info","message":"MongoDB connection is ready","service":"campus-event-hub","timestamp":"2025-10-19T10:58:17.957Z"}
{"level":"info","message":"MongoDB connection is ready","service":"campus-event-hub","timestamp":"2025-10-19T10:58:18.067Z"}
{"level":"info","message":"MongoDB connection is ready","service":"campus-event-hub","timestamp":"2025-10-19T10:58:18.176Z"}
{"level":"info","message":"Database indexes created successfully","service":"campus-event-hub","timestamp":"2025-10-19T11:07:30.294Z"}
{"level":"info","message":"Connected to MongoDB successfully","service":"campus-event-hub","timestamp":"2025-10-19T11:07:30.296Z"}
{"level":"info","message":"Database indexes created successfully","service":"campus-event-hub","timestamp":"2025-10-19T17:44:21.749Z"}
{"level":"info","message":"Connected to MongoDB successfully","service":"campus-event-hub","timestamp":"2025-10-19T17:44:21.751Z"}
{"level":"info","message":"MongoDB connection is ready","service":"campus-event-hub","timestamp":"2025-10-19T17:44:21.837Z"}
{"level":"info","message":"MongoDB connection is ready","service":"campus-event-hub","timestamp":"2025-10-19T17:44:21.946Z"}
{"level":"info","message":"MongoDB connection is ready","service":"campus-event-hub","timestamp":"2025-10-19T17:44:22.057Z"}
{"level":"info","message":"Database indexes created successfully","service":"campus-event-hub","timestamp":"2025-10-19T17:49:36.363Z"}
{"level":"info","message":"Database indexes created successfully","service":"campus-event-hub","timestamp":"2025-10-19T17:50:17.421Z"}
{"level":"info","message":"Connected to MongoDB successfully","service":"campus-event-hub","timestamp":"2025-10-19T17:50:17.423Z"}
{"level":"info","message":"MongoDB connection is ready","service":"campus-event-hub","timestamp":"2025-10-19T17:50:17.521Z"}
{"level":"info","message":"MongoDB connection is ready","service":"campus-event-hub","timestamp":"2025-10-19T17:50:17.629Z"}
{"level":"info","message":"MongoDB connection is ready","service":"campus-event-hub","timestamp":"2025-10-19T17:50:17.739Z"}
{"level":"info","message":"Database indexes created successfully","service":"campus-event-hub","timestamp":"2025-10-19T17:52:46.674Z"}
{"level":"info","message":"Connected to MongoDB successfully","service":"campus-event-hub","timestamp":"2025-10-19T17:52:46.678Z"}
{"level":"info","message":"MongoDB connection is ready","service":"campus-event-hub","timestamp":"2025-10-19T17:52:46.773Z"}
{"level":"info","message":"MongoDB connection is ready","service":"campus-event-hub","timestamp":"2025-10-19T17:52:46.885Z"}
{"level":"info","message":"MongoDB connection is ready","service":"campus-event-hub","timestamp":"2025-10-19T17:52:46.991Z"}
{"level":"info","message":"Database indexes created successfully","service":"campus-event-hub","timestamp":"2025-10-19T17:56:15.767Z"}
{"level":"info","message":"Connected to MongoDB successfully","service":"campus-event-hub","timestamp":"2025-10-19T17:56:15.769Z"}
{"level":"info","message":"MongoDB connection is ready","service":"campus-event-hub","timestamp":"2025-10-19T17:56:15.877Z"}
{"level":"info","message":"MongoDB connection is ready","service":"campus-event-hub","timestamp":"2025-10-19T17:56:15.986Z"}
{"level":"info","message":"MongoDB connection is ready","service":"campus-event-hub","timestamp":"2025-10-19T17:56:16.094Z"}
{"level":"info","message":"Database indexes created successfully","service":"campus-event-hub","timestamp":"2025-10-19T17:59:45.246Z"}
{"level":"info","message":"Connected to MongoDB successfully","service":"campus-event-hub","timestamp":"2025-10-19T17:59:45.248Z"}
{"level":"info","message":"MongoDB connection is ready","service":"campus-event-hub","timestamp":"2025-10-19T17:59:45.347Z"}
{"level":"info","message":"MongoDB connection is ready","service":"campus-event-hub","timestamp":"2025-10-19T17:59:45.458Z"}
{"level":"info","message":"MongoDB connection is ready","service":"campus-event-hub","timestamp":"2025-10-19T17:59:45.568Z"}
{"level":"info","message":"Database indexes created successfully","service":"campus-event-hub","timestamp":"2025-10-19T18:02:37.164Z"}
{"level":"info","message":"Connected to MongoDB successfully","service":"campus-event-hub","timestamp":"2025-10-19T18:02:37.167Z"}
{"level":"info","message":"MongoDB connection is ready","service":"campus-event-hub","timestamp":"2025-10-19T18:02:37.264Z"}
{"level":"info","message":"MongoDB connection is ready","service":"campus-event-hub","timestamp":"2025-10-19T18:02:37.374Z"}
{"level":"info","message":"MongoDB connection is ready","service":"campus-event-hub","timestamp":"2025-10-19T18:02:37.481Z"}
{"level":"info","message":"Database indexes created successfully","service":"campus-event-hub","timestamp":"2025-10-19T18:06:17.518Z"}
{"level":"info","message":"Connected to MongoDB successfully","service":"campus-event-hub","timestamp":"2025-10-19T18:06:17.520Z"}
{"level":"info","message":"MongoDB connection is ready","service":"campus-event-hub","timestamp":"2025-10-19T18:06:17.624Z"}
{"level":"info","message":"MongoDB connection is ready","service":"campus-event-hub","timestamp":"2025-10-19T18:06:17.734Z"}
{"level":"info","message":"MongoDB connection is ready","service":"campus-event-hub","timestamp":"2025-10-19T18:06:17.843Z"}
{"level":"info","message":"Database indexes created successfully","service":"campus-event-hub","timestamp":"2025-10-19T18:13:14.960Z"}
{"level":"info","message":"Connected to MongoDB successfully","service":"campus-event-hub","timestamp":"2025-10-19T18:13:14.963Z"}
{"level":"info","message":"MongoDB connection is ready","service":"campus-event-hub","timestamp":"2025-10-19T18:13:15.067Z"}
{"level":"info","message":"MongoDB connection is ready","service":"campus-event-hub","timestamp":"2025-10-19T18:13:15.176Z"}
{"level":"info","message":"MongoDB connection is ready","service":"campus-event-hub","timestamp":"2025-10-19T18:13:15.286Z"}
{"level":"info","message":"Database indexes created successfully","service":"campus-event-hub","timestamp":"2025-10-19T18:25:26.561Z"}
{"level":"info","message":"Connected to MongoDB successfully","service":"campus-event-hub","timestamp":"2025-10-19T18:25:26.564Z"}
{"level":"info","message":"MongoDB connection is ready","service":"campus-event-hub","timestamp":"2025-10-19T18:25:26.666Z"}
{"level":"info","message":"MongoDB connection is ready","service":"campus-event-hub","timestamp":"2025-10-19T18:25:26.774Z"}
{"level":"info","message":"MongoDB connection is ready","service":"campus-event-hub","timestamp":"2025-10-19T18:25:26.884Z"}
{"level":"info","message":"Database indexes created successfully","service":"campus-event-hub","timestamp":"2025-10-19T18:29:40.246Z"}
{"level":"info","message":"Connected to MongoDB successfully","service":"campus-event-hub","timestamp":"2025-10-19T18:29:40.249Z"}
{"level":"info","message":"MongoDB connection is ready","service":"campus-event-hub","timestamp":"2025-10-19T18:29:40.352Z"}
{"level":"info","message":"MongoDB connection is ready","service":"campus-event-hub","timestamp":"2025-10-19T18:29:40.465Z"}
{"level":"info","message":"MongoDB connection is ready","service":"campus-event-hub","timestamp":"2025-10-19T18:29:40.571Z"}
{"level":"info","message":"Database indexes created successfully","service":"campus-event-hub","timestamp":"2025-10-19T18:33:26.454Z"}
{"level":"info","message":"Connected to MongoDB successfully","service":"campus-event-hub","timestamp":"2025-10-19T18:33:26.456Z"}
{"level":"info","message":"MongoDB connection is ready","service":"campus-event-hub","timestamp":"2025-10-19T18:33:26.555Z"}
{"level":"info","message":"MongoDB connection is ready","service":"campus-event-hub","timestamp":"2025-10-19T18:33:26.665Z"}
{"level":"info","message":"MongoDB connection is ready","service":"campus-event-hub","timestamp":"2025-10-19T18:33:26.773Z"}
{"level":"info","message":"Database indexes created successfully","service":"campus-event-hub","timestamp":"2025-10-21T06:04:42.852Z"}
{"level":"info","message":"Connected to MongoDB successfully","service":"campus-event-hub","timestamp":"2025-10-21T06:04:42.858Z"}
{"level":"info","message":"MongoDB connection is ready","service":"campus-event-hub","timestamp":"2025-10-21T06:04:42.908Z"}
{"level":"info","message":"MongoDB connection is ready","service":"campus-event-hub","timestamp":"2025-10-21T06:04:43.080Z"}
{"level":"info","message":"MongoDB connection is ready","service":"campus-event-hub","timestamp":"2025-10-21T06:04:43.210Z"}
{"level":"info","message":"Database indexes created successfully","service":"campus-event-hub","timestamp":"2025-10-21T06:33:44.500Z"}
{"level":"info","message":"Connected to MongoDB successfully","service":"campus-event-hub","timestamp":"2025-10-21T06:33:44.505Z"}
{"level":"info","message":"MongoDB connection is ready","service":"campus-event-hub","timestamp":"2025-10-21T06:33:44.586Z"}
{"level":"info","message":"MongoDB connection is ready","service":"campus-event-hub","timestamp":"2025-10-21T06:33:44.713Z"}
{"level":"info","message":"MongoDB connection is ready","service":"campus-event-hub","timestamp":"2025-10-21T06:33:44.836Z"}
{"level":"info","message":"Database indexes created successfully","service":"campus-event-hub","timestamp":"2025-10-27T18:04:22.901Z"}
{"level":"info","message":"Connected to MongoDB successfully","service":"campus-event-hub","timestamp":"2025-10-27T18:04:22.903Z"}
{"level":"info","message":"MongoDB connection is ready","service":"campus-event-hub","timestamp":"2025-10-27T18:04:22.973Z"}
{"level":"info","message":"MongoDB connection is ready","service":"campus-event-hub","timestamp":"2025-10-27T18:04:23.083Z"}
{"level":"info","message":"Database indexes created successfully","service":"campus-event-hub","timestamp":"2025-11-03T10:10:21.758Z"}
{"level":"info","message":"Connected to MongoDB successfully","service":"campus-event-hub","timestamp":"2025-11-03T10:10:21.764Z"}
{"level":"info","message":"MongoDB connection is ready","service":"campus-event-hub","timestamp":"2025-11-03T10:10:21.826Z"}
{"level":"info","message":"MongoDB connection is ready","service":"campus-event-hub","timestamp":"2025-11-03T10:10:21.951Z"}
{"level":"info","message":"MongoDB connection is ready","service":"campus-event-hub","timestamp":"2025-11-03T10:10:22.079Z"}
{"level":"warn","message":"MongoDB connection closed","service":"campus-event-hub","timestamp":"2025-11-03T12:07:44.136Z"}
{"level":"warn","message":"MongoDB connection closed","service":"campus-event-hub","timestamp":"2025-11-03T12:07:44.203Z"}
{"level":"warn","message":"MongoDB connection closed","service":"campus-event-hub","timestamp":"2025-11-03T12:07:44.204Z"}
{"level":"warn","message":"MongoDB connection closed","service":"campus-event-hub","timestamp":"2025-11-03T12:07:44.205Z"}
{"level":"warn","message":"MongoDB connection closed","service":"campus-event-hub","timestamp":"2025-11-03T12:07:44.206Z"}
{"level":"info","message":"MongoDB connection is ready","service":"campus-event-hub","timestamp":"2025-11-03T12:07:44.335Z"}
{"level":"info","message":"MongoDB connection is ready","service":"campus-event-hub","timestamp":"2025-11-03T12:07:44.634Z"}
{"level":"info","message":"MongoDB connection is ready","service":"campus-event-hub","timestamp":"2025-11-03T12:07:44.893Z"}
{"level":"info","message":"MongoDB connection is ready","service":"campus-event-hub","timestamp":"2025-11-03T12:07:45.024Z"}
{"level":"info","message":"MongoDB connection is ready","service":"campus-event-hub","timestamp":"2025-11-03T12:07:45.297Z"}
{"level":"warn","message":"MongoDB connection closed","service":"campus-event-hub","timestamp":"2025-11-03T13:55:28.979Z"}
{"level":"warn","message":"MongoDB connection closed","service":"campus-event-hub","timestamp":"2025-11-03T13:55:29.011Z"}
{"level":"warn","message":"MongoDB connection closed","service":"campus-event-hub","timestamp":"2025-11-03T13:55:29.012Z"}
{"level":"warn","message":"MongoDB connection closed","service":"campus-event-hub","timestamp":"2025-11-03T13:55:29.012Z"}
{"level":"warn","message":"MongoDB connection closed","service":"campus-event-hub","timestamp":"2025-11-03T13:55:29.014Z"}
{"level":"info","message":"MongoDB connection is ready","service":"campus-event-hub","timestamp":"2025-11-03T13:55:29.110Z"}
{"level":"info","message":"MongoDB connection is ready","service":"campus-event-hub","timestamp":"2025-11-03T13:55:29.275Z"}
{"level":"info","message":"MongoDB connection is ready","service":"campus-event-hub","timestamp":"2025-11-03T13:55:29.462Z"}
{"level":"info","message":"MongoDB connection is ready","service":"campus-event-hub","timestamp":"2025-11-03T13:55:29.590Z"}
{"level":"info","message":"MongoDB connection is ready","service":"campus-event-hub","timestamp":"2025-11-03T13:55:29.714Z"}
{"level":"info","message":"Database indexes created successfully","service":"campus-event-hub","timestamp":"2025-11-03T14:24:26.336Z"}
{"level":"info","message":"Database indexes created successfully","service":"campus-event-hub","timestamp":"2025-11-03T14:24:52.080Z"}
{"level":"warn","message":"MongoDB connection closed","service":"campus-event-hub","timestamp":"2025-11-03T15:12:27.117Z"}
{"level":"warn","message":"MongoDB connection closed","service":"campus-event-hub","timestamp":"2025-11-03T15:12:27.125Z"}
{"level":"warn","message":"MongoDB connection closed","service":"campus-event-hub","timestamp":"2025-11-03T15:12:27.133Z"}
{"level":"warn","message":"MongoDB connection closed","service":"campus-event-hub","timestamp":"2025-11-03T15:12:27.136Z"}
{"level":"warn","message":"MongoDB connection closed","service":"campus-event-hub","timestamp":"2025-11-03T15:12:27.139Z"}
{"level":"info","message":"MongoDB connection is ready","service":"campus-event-hub","timestamp":"2025-11-03T15:12:27.166Z"}
{"level":"info","message":"MongoDB connection is ready","service":"campus-event-hub","timestamp":"2025-11-03T15:12:27.276Z"}
{"level":"info","message":"MongoDB connection is ready","service":"campus-event-hub","timestamp":"2025-11-03T15:12:27.387Z"}
{"level":"info","message":"MongoDB connection is ready","service":"campus-event-hub","timestamp":"2025-11-03T15:12:27.508Z"}
{"level":"info","message":"MongoDB connection is ready","service":"campus-event-hub","timestamp":"2025-11-03T15:12:27.631Z"}
{"level":"info","message":"Database indexes created successfully","service":"campus-event-hub","timestamp":"2025-11-04T04:56:57.663Z"}
{"level":"info","message":"Connected to MongoDB successfully","service":"campus-event-hub","timestamp":"2025-11-04T04:56:57.667Z"}
{"level":"info","message":"MongoDB connection is ready","service":"campus-event-hub","timestamp":"2025-11-04T04:56:57.728Z"}
{"level":"info","message":"MongoDB connection is ready","service":"campus-event-hub","timestamp":"2025-11-04T04:56:57.853Z"}
{"level":"info","message":"MongoDB connection is ready","service":"campus-event-hub","timestamp":"2025-11-04T04:56:57.988Z"}
{"level":"info","message":"Database indexes created successfully","service":"campus-event-hub","timestamp":"2025-11-04T05:32:50.729Z"}
{"level":"info","message":"Connected to MongoDB successfully","service":"campus-event-hub","timestamp":"2025-11-04T05:32:50.739Z"}
{"level":"info","message":"MongoDB connection is ready","service":"campus-event-hub","timestamp":"2025-11-04T05:32:50.791Z"}
{"level":"info","message":"MongoDB connection is ready","service":"campus-event-hub","timestamp":"2025-11-04T05:32:50.914Z"}
{"level":"info","message":"MongoDB connection is ready","service":"campus-event-hub","timestamp":"2025-11-04T05:32:51.041Z"}
{"ip":"::1","level":"error","message":"C:\\Users\\lenovo\\Desktop\\New folder (3)\\views\\profile.ejs:300\n    298|         <div class=\"profile-header\">\r\n    299|             <div class=\"profile-avatar\">\r\n >> 300|                 <%= typeof user !== 'undefined' && user !== null ? user.name.charAt(0).toUpperCase() : 'G' %>\r\n    301|             </div>\r\n    302|             <h1><%= typeof user !== 'undefined' && user !== null ? user.name : 'Guest User' %></h1>\r\n    303|             <p><%= typeof user !== 'undefined' && user !== null ? user.email : 'Not logged in' %></p>\r\n\nCannot read properties of undefined (reading 'charAt')","method":"GET","service":"campus-event-hub-error-handler","stack":"TypeError: C:\\Users\\lenovo\\Desktop\\New folder (3)\\views\\profile.ejs:300\n    298|         <div class=\"profile-header\">\r\n    299|             <div class=\"profile-avatar\">\r\n >> 300|                 <%= typeof user !== 'undefined' && user !== null ? user.name.charAt(0).toUpperCase() : 'G' %>\r\n    301|             </div>\r\n    302|             <h1><%= typeof user !== 'undefined' && user !== null ? user.name : 'Guest User' %></h1>\r\n    303|             <p><%= typeof user !== 'undefined' && user !== null ? user.email : 'Not logged in' %></p>\r\n\nCannot read properties of undefined (reading 'charAt')\n    at eval (eval at compile (C:\\Users\\lenovo\\Desktop\\New folder (3)\\node_modules\\ejs\\lib\\ejs.js:673:12), <anonymous>:15:83)\n    at profile (C:\\Users\\lenovo\\Desktop\\New folder (3)\\node_modules\\ejs\\lib\\ejs.js:703:17)\n    at tryHandleCache (C:\\Users\\lenovo\\Desktop\\New folder (3)\\node_modules\\ejs\\lib\\ejs.js:274:36)\n    at exports.renderFile [as engine] (C:\\Users\\lenovo\\Desktop\\New folder (3)\\node_modules\\ejs\\lib\\ejs.js:491:10)\n    at View.render (C:\\Users\\lenovo\\Desktop\\New folder (3)\\node_modules\\express\\lib\\view.js:135:8)\n    at tryRender (C:\\Users\\lenovo\\Desktop\\New folder (3)\\node_modules\\express\\lib\\application.js:657:10)\n    at Function.render (C:\\Users\\lenovo\\Desktop\\New folder (3)\\node_modules\\express\\lib\\application.js:609:3)\n    at ServerResponse.render (C:\\Users\\lenovo\\Desktop\\New folder (3)\\node_modules\\express\\lib\\response.js:1049:7)\n    at C:\\Users\\lenovo\\Desktop\\New folder (3)\\server.js:442:7\n    at Layer.handle [as handle_request] (C:\\Users\\lenovo\\Desktop\\New folder (3)\\node_modules\\express\\lib\\router\\layer.js:95:5)","timestamp":"2025-11-04T05:33:56.881Z","url":"/profile","userAgent":"Mozilla/5.0 (Windows NT 10.0; Win64; x64) AppleWebKit/537.36 (KHTML, like Gecko) Chrome/142.0.0.0 Safari/537.36"}
{"ip":"::1","level":"error","message":"C:\\Users\\lenovo\\Desktop\\New folder (3)\\views\\profile.ejs:300\n    298|         <div class=\"profile-header\">\r\n    299|             <div class=\"profile-avatar\">\r\n >> 300|                 <%= typeof user !== 'undefined' && user !== null ? user.name.charAt(0).toUpperCase() : 'G' %>\r\n    301|             </div>\r\n    302|             <h1><%= typeof user !== 'undefined' && user !== null ? user.name : 'Guest User' %></h1>\r\n    303|             <p><%= typeof user !== 'undefined' && user !== null ? user.email : 'Not logged in' %></p>\r\n\nCannot read properties of undefined (reading 'charAt')","method":"GET","service":"campus-event-hub-error-handler","stack":"TypeError: C:\\Users\\lenovo\\Desktop\\New folder (3)\\views\\profile.ejs:300\n    298|         <div class=\"profile-header\">\r\n    299|             <div class=\"profile-avatar\">\r\n >> 300|                 <%= typeof user !== 'undefined' && user !== null ? user.name.charAt(0).toUpperCase() : 'G' %>\r\n    301|             </div>\r\n    302|             <h1><%= typeof user !== 'undefined' && user !== null ? user.name : 'Guest User' %></h1>\r\n    303|             <p><%= typeof user !== 'undefined' && user !== null ? user.email : 'Not logged in' %></p>\r\n\nCannot read properties of undefined (reading 'charAt')\n    at eval (eval at compile (C:\\Users\\lenovo\\Desktop\\New folder (3)\\node_modules\\ejs\\lib\\ejs.js:673:12), <anonymous>:15:83)\n    at profile (C:\\Users\\lenovo\\Desktop\\New folder (3)\\node_modules\\ejs\\lib\\ejs.js:703:17)\n    at tryHandleCache (C:\\Users\\lenovo\\Desktop\\New folder (3)\\node_modules\\ejs\\lib\\ejs.js:274:36)\n    at exports.renderFile [as engine] (C:\\Users\\lenovo\\Desktop\\New folder (3)\\node_modules\\ejs\\lib\\ejs.js:491:10)\n    at View.render (C:\\Users\\lenovo\\Desktop\\New folder (3)\\node_modules\\express\\lib\\view.js:135:8)\n    at tryRender (C:\\Users\\lenovo\\Desktop\\New folder (3)\\node_modules\\express\\lib\\application.js:657:10)\n    at Function.render (C:\\Users\\lenovo\\Desktop\\New folder (3)\\node_modules\\express\\lib\\application.js:609:3)\n    at ServerResponse.render (C:\\Users\\lenovo\\Desktop\\New folder (3)\\node_modules\\express\\lib\\response.js:1049:7)\n    at C:\\Users\\lenovo\\Desktop\\New folder (3)\\server.js:442:7\n    at Layer.handle [as handle_request] (C:\\Users\\lenovo\\Desktop\\New folder (3)\\node_modules\\express\\lib\\router\\layer.js:95:5)","timestamp":"2025-11-04T05:34:00.176Z","url":"/profile","userAgent":"Mozilla/5.0 (Windows NT 10.0; Win64; x64) AppleWebKit/537.36 (KHTML, like Gecko) Chrome/142.0.0.0 Safari/537.36"}
{"level":"warn","message":"MongoDB connection closed","service":"campus-event-hub","timestamp":"2025-11-04T05:46:13.633Z"}
{"level":"warn","message":"MongoDB connection closed","service":"campus-event-hub","timestamp":"2025-11-04T05:46:13.634Z"}
{"level":"warn","message":"MongoDB connection closed","service":"campus-event-hub","timestamp":"2025-11-04T05:46:13.635Z"}
{"level":"warn","message":"MongoDB connection closed","service":"campus-event-hub","timestamp":"2025-11-04T05:46:13.637Z"}
{"level":"warn","message":"MongoDB connection closed","service":"campus-event-hub","timestamp":"2025-11-04T05:46:13.637Z"}
{"level":"info","message":"MongoDB connection is ready","service":"campus-event-hub","timestamp":"2025-11-04T05:46:13.655Z"}
{"level":"info","message":"MongoDB connection is ready","service":"campus-event-hub","timestamp":"2025-11-04T05:46:13.778Z"}
{"level":"info","message":"MongoDB connection is ready","service":"campus-event-hub","timestamp":"2025-11-04T05:46:13.900Z"}
{"level":"info","message":"MongoDB connection is ready","service":"campus-event-hub","timestamp":"2025-11-04T05:46:14.023Z"}
{"level":"info","message":"MongoDB connection is ready","service":"campus-event-hub","timestamp":"2025-11-04T05:46:14.136Z"}
{"ip":"::1","level":"error","message":"C:\\Users\\lenovo\\Desktop\\New folder (3)\\views\\profile.ejs:300\n    298|         <div class=\"profile-header\">\r\n    299|             <div class=\"profile-avatar\">\r\n >> 300|                 <%= typeof user !== 'undefined' && user !== null ? user.name.charAt(0).toUpperCase() : 'G' %>\r\n    301|             </div>\r\n    302|             <h1><%= typeof user !== 'undefined' && user !== null ? user.name : 'Guest User' %></h1>\r\n    303|             <p><%= typeof user !== 'undefined' && user !== null ? user.email : 'Not logged in' %></p>\r\n\nCannot read properties of undefined (reading 'charAt')","method":"GET","service":"campus-event-hub-error-handler","stack":"TypeError: C:\\Users\\lenovo\\Desktop\\New folder (3)\\views\\profile.ejs:300\n    298|         <div class=\"profile-header\">\r\n    299|             <div class=\"profile-avatar\">\r\n >> 300|                 <%= typeof user !== 'undefined' && user !== null ? user.name.charAt(0).toUpperCase() : 'G' %>\r\n    301|             </div>\r\n    302|             <h1><%= typeof user !== 'undefined' && user !== null ? user.name : 'Guest User' %></h1>\r\n    303|             <p><%= typeof user !== 'undefined' && user !== null ? user.email : 'Not logged in' %></p>\r\n\nCannot read properties of undefined (reading 'charAt')\n    at eval (eval at compile (C:\\Users\\lenovo\\Desktop\\New folder (3)\\node_modules\\ejs\\lib\\ejs.js:673:12), <anonymous>:15:83)\n    at profile (C:\\Users\\lenovo\\Desktop\\New folder (3)\\node_modules\\ejs\\lib\\ejs.js:703:17)\n    at tryHandleCache (C:\\Users\\lenovo\\Desktop\\New folder (3)\\node_modules\\ejs\\lib\\ejs.js:274:36)\n    at exports.renderFile [as engine] (C:\\Users\\lenovo\\Desktop\\New folder (3)\\node_modules\\ejs\\lib\\ejs.js:491:10)\n    at View.render (C:\\Users\\lenovo\\Desktop\\New folder (3)\\node_modules\\express\\lib\\view.js:135:8)\n    at tryRender (C:\\Users\\lenovo\\Desktop\\New folder (3)\\node_modules\\express\\lib\\application.js:657:10)\n    at Function.render (C:\\Users\\lenovo\\Desktop\\New folder (3)\\node_modules\\express\\lib\\application.js:609:3)\n    at ServerResponse.render (C:\\Users\\lenovo\\Desktop\\New folder (3)\\node_modules\\express\\lib\\response.js:1049:7)\n    at C:\\Users\\lenovo\\Desktop\\New folder (3)\\server.js:442:7\n    at Layer.handle [as handle_request] (C:\\Users\\lenovo\\Desktop\\New folder (3)\\node_modules\\express\\lib\\router\\layer.js:95:5)","timestamp":"2025-11-04T05:49:04.832Z","url":"/profile","userAgent":"Mozilla/5.0 (Windows NT 10.0; Win64; x64) AppleWebKit/537.36 (KHTML, like Gecko) Chrome/142.0.0.0 Safari/537.36"}
{"level":"info","message":"Database indexes created successfully","service":"campus-event-hub","timestamp":"2025-11-04T05:57:45.030Z"}
{"level":"info","message":"Database indexes created successfully","service":"campus-event-hub","timestamp":"2025-11-04T05:58:03.741Z"}
{"level":"info","message":"Database indexes created successfully","service":"campus-event-hub","timestamp":"2025-11-04T06:02:32.802Z"}
{"level":"info","message":"Connected to MongoDB successfully","service":"campus-event-hub","timestamp":"2025-11-04T06:02:32.806Z"}
{"level":"info","message":"MongoDB connection is ready","service":"campus-event-hub","timestamp":"2025-11-04T06:02:32.894Z"}
{"level":"info","message":"MongoDB connection is ready","service":"campus-event-hub","timestamp":"2025-11-04T06:02:33.007Z"}
{"level":"info","message":"MongoDB connection is ready","service":"campus-event-hub","timestamp":"2025-11-04T06:02:33.128Z"}
{"level":"info","message":"Database indexes created successfully","service":"campus-event-hub","timestamp":"2025-11-04T06:07:19.182Z"}
{"level":"info","message":"Connected to MongoDB successfully","service":"campus-event-hub","timestamp":"2025-11-04T06:07:19.186Z"}
{"level":"info","message":"MongoDB connection is ready","service":"campus-event-hub","timestamp":"2025-11-04T06:07:19.277Z"}
{"level":"info","message":"MongoDB connection is ready","service":"campus-event-hub","timestamp":"2025-11-04T06:07:19.386Z"}
{"level":"info","message":"MongoDB connection is ready","service":"campus-event-hub","timestamp":"2025-11-04T06:07:19.498Z"}
{"level":"info","message":"Database indexes created successfully","service":"campus-event-hub","timestamp":"2025-11-04T06:19:38.534Z"}
{"level":"info","message":"Connected to MongoDB successfully","service":"campus-event-hub","timestamp":"2025-11-04T06:19:38.546Z"}
{"level":"info","message":"MongoDB connection is ready","service":"campus-event-hub","timestamp":"2025-11-04T06:19:38.628Z"}
{"level":"info","message":"MongoDB connection is ready","service":"campus-event-hub","timestamp":"2025-11-04T06:19:38.763Z"}
{"level":"info","message":"MongoDB connection is ready","service":"campus-event-hub","timestamp":"2025-11-04T06:19:38.889Z"}
{"level":"info","message":"Database indexes created successfully","service":"campus-event-hub","timestamp":"2025-11-04T06:39:23.580Z"}
{"level":"info","message":"Database indexes created successfully","service":"campus-event-hub","timestamp":"2025-11-04T06:59:54.504Z"}
{"level":"info","message":"Connected to MongoDB successfully","service":"campus-event-hub","timestamp":"2025-11-04T06:59:54.507Z"}
{"level":"info","message":"MongoDB connection is ready","service":"campus-event-hub","timestamp":"2025-11-04T06:59:54.586Z"}
{"level":"info","message":"MongoDB connection is ready","service":"campus-event-hub","timestamp":"2025-11-04T06:59:54.707Z"}
{"level":"info","message":"MongoDB connection is ready","service":"campus-event-hub","timestamp":"2025-11-04T06:59:54.816Z"}
{"level":"info","message":"Database indexes created successfully","service":"campus-event-hub","timestamp":"2025-11-04T07:02:54.886Z"}
{"level":"info","message":"Database indexes created successfully","service":"campus-event-hub","timestamp":"2025-11-04T07:04:29.052Z"}
{"ip":"::1","level":"error","message":"Cannot find /.well-known/appspecific/com.chrome.devtools.json on this server","method":"GET","service":"campus-event-hub-error-handler","stack":"NotFoundError: Cannot find /.well-known/appspecific/com.chrome.devtools.json on this server\n    at handle404 (C:\\Users\\lenovo\\Desktop\\New folder (3)\\utils\\errorHandler.js:134:17)\n    at Layer.handle [as handle_request] (C:\\Users\\lenovo\\Desktop\\New folder (3)\\node_modules\\express\\lib\\router\\layer.js:95:5)\n    at trim_prefix (C:\\Users\\lenovo\\Desktop\\New folder (3)\\node_modules\\express\\lib\\router\\index.js:328:13)\n    at C:\\Users\\lenovo\\Desktop\\New folder (3)\\node_modules\\express\\lib\\router\\index.js:286:9\n    at Function.process_params (C:\\Users\\lenovo\\Desktop\\New folder (3)\\node_modules\\express\\lib\\router\\index.js:346:12)\n    at next (C:\\Users\\lenovo\\Desktop\\New folder (3)\\node_modules\\express\\lib\\router\\index.js:280:10)\n    at C:\\Users\\lenovo\\Desktop\\New folder (3)\\server.js:120:3\n    at Layer.handle [as handle_request] (C:\\Users\\lenovo\\Desktop\\New folder (3)\\node_modules\\express\\lib\\router\\layer.js:95:5)\n    at trim_prefix (C:\\Users\\lenovo\\Desktop\\New folder (3)\\node_modules\\express\\lib\\router\\index.js:328:13)\n    at C:\\Users\\lenovo\\Desktop\\New folder (3)\\node_modules\\express\\lib\\router\\index.js:286:9","timestamp":"2025-11-04T07:15:20.353Z","url":"/.well-known/appspecific/com.chrome.devtools.json","userAgent":"Mozilla/5.0 (Windows NT 10.0; Win64; x64) AppleWebKit/537.36 (KHTML, like Gecko) Chrome/142.0.0.0 Safari/537.36"}
{"ip":"::1","level":"error","message":"Cannot find /.well-known/appspecific/com.chrome.devtools.json on this server","method":"GET","service":"campus-event-hub-error-handler","stack":"NotFoundError: Cannot find /.well-known/appspecific/com.chrome.devtools.json on this server\n    at handle404 (C:\\Users\\lenovo\\Desktop\\New folder (3)\\utils\\errorHandler.js:134:17)\n    at Layer.handle [as handle_request] (C:\\Users\\lenovo\\Desktop\\New folder (3)\\node_modules\\express\\lib\\router\\layer.js:95:5)\n    at trim_prefix (C:\\Users\\lenovo\\Desktop\\New folder (3)\\node_modules\\express\\lib\\router\\index.js:328:13)\n    at C:\\Users\\lenovo\\Desktop\\New folder (3)\\node_modules\\express\\lib\\router\\index.js:286:9\n    at Function.process_params (C:\\Users\\lenovo\\Desktop\\New folder (3)\\node_modules\\express\\lib\\router\\index.js:346:12)\n    at next (C:\\Users\\lenovo\\Desktop\\New folder (3)\\node_modules\\express\\lib\\router\\index.js:280:10)\n    at C:\\Users\\lenovo\\Desktop\\New folder (3)\\server.js:120:3\n    at Layer.handle [as handle_request] (C:\\Users\\lenovo\\Desktop\\New folder (3)\\node_modules\\express\\lib\\router\\layer.js:95:5)\n    at trim_prefix (C:\\Users\\lenovo\\Desktop\\New folder (3)\\node_modules\\express\\lib\\router\\index.js:328:13)\n    at C:\\Users\\lenovo\\Desktop\\New folder (3)\\node_modules\\express\\lib\\router\\index.js:286:9","timestamp":"2025-11-04T07:17:20.415Z","url":"/.well-known/appspecific/com.chrome.devtools.json","userAgent":"Mozilla/5.0 (Windows NT 10.0; Win64; x64) AppleWebKit/537.36 (KHTML, like Gecko) Chrome/142.0.0.0 Safari/537.36"}
{"ip":"::1","level":"error","message":"Cannot find /.well-known/appspecific/com.chrome.devtools.json on this server","method":"GET","service":"campus-event-hub-error-handler","stack":"NotFoundError: Cannot find /.well-known/appspecific/com.chrome.devtools.json on this server\n    at handle404 (C:\\Users\\lenovo\\Desktop\\New folder (3)\\utils\\errorHandler.js:134:17)\n    at Layer.handle [as handle_request] (C:\\Users\\lenovo\\Desktop\\New folder (3)\\node_modules\\express\\lib\\router\\layer.js:95:5)\n    at trim_prefix (C:\\Users\\lenovo\\Desktop\\New folder (3)\\node_modules\\express\\lib\\router\\index.js:328:13)\n    at C:\\Users\\lenovo\\Desktop\\New folder (3)\\node_modules\\express\\lib\\router\\index.js:286:9\n    at Function.process_params (C:\\Users\\lenovo\\Desktop\\New folder (3)\\node_modules\\express\\lib\\router\\index.js:346:12)\n    at next (C:\\Users\\lenovo\\Desktop\\New folder (3)\\node_modules\\express\\lib\\router\\index.js:280:10)\n    at C:\\Users\\lenovo\\Desktop\\New folder (3)\\server.js:120:3\n    at Layer.handle [as handle_request] (C:\\Users\\lenovo\\Desktop\\New folder (3)\\node_modules\\express\\lib\\router\\layer.js:95:5)\n    at trim_prefix (C:\\Users\\lenovo\\Desktop\\New folder (3)\\node_modules\\express\\lib\\router\\index.js:328:13)\n    at C:\\Users\\lenovo\\Desktop\\New folder (3)\\node_modules\\express\\lib\\router\\index.js:286:9","timestamp":"2025-11-04T07:17:20.776Z","url":"/.well-known/appspecific/com.chrome.devtools.json","userAgent":"Mozilla/5.0 (Windows NT 10.0; Win64; x64) AppleWebKit/537.36 (KHTML, like Gecko) Chrome/142.0.0.0 Safari/537.36"}
{"ip":"::1","level":"error","message":"Cannot find /.well-known/appspecific/com.chrome.devtools.json on this server","method":"GET","service":"campus-event-hub-error-handler","stack":"NotFoundError: Cannot find /.well-known/appspecific/com.chrome.devtools.json on this server\n    at handle404 (C:\\Users\\lenovo\\Desktop\\New folder (3)\\utils\\errorHandler.js:134:17)\n    at Layer.handle [as handle_request] (C:\\Users\\lenovo\\Desktop\\New folder (3)\\node_modules\\express\\lib\\router\\layer.js:95:5)\n    at trim_prefix (C:\\Users\\lenovo\\Desktop\\New folder (3)\\node_modules\\express\\lib\\router\\index.js:328:13)\n    at C:\\Users\\lenovo\\Desktop\\New folder (3)\\node_modules\\express\\lib\\router\\index.js:286:9\n    at Function.process_params (C:\\Users\\lenovo\\Desktop\\New folder (3)\\node_modules\\express\\lib\\router\\index.js:346:12)\n    at next (C:\\Users\\lenovo\\Desktop\\New folder (3)\\node_modules\\express\\lib\\router\\index.js:280:10)\n    at C:\\Users\\lenovo\\Desktop\\New folder (3)\\server.js:120:3\n    at Layer.handle [as handle_request] (C:\\Users\\lenovo\\Desktop\\New folder (3)\\node_modules\\express\\lib\\router\\layer.js:95:5)\n    at trim_prefix (C:\\Users\\lenovo\\Desktop\\New folder (3)\\node_modules\\express\\lib\\router\\index.js:328:13)\n    at C:\\Users\\lenovo\\Desktop\\New folder (3)\\node_modules\\express\\lib\\router\\index.js:286:9","timestamp":"2025-11-04T07:17:57.611Z","url":"/.well-known/appspecific/com.chrome.devtools.json","userAgent":"Mozilla/5.0 (Windows NT 10.0; Win64; x64) AppleWebKit/537.36 (KHTML, like Gecko) Chrome/142.0.0.0 Safari/537.36"}
{"ip":"::1","level":"error","message":"Cannot find /.well-known/appspecific/com.chrome.devtools.json on this server","method":"GET","service":"campus-event-hub-error-handler","stack":"NotFoundError: Cannot find /.well-known/appspecific/com.chrome.devtools.json on this server\n    at handle404 (C:\\Users\\lenovo\\Desktop\\New folder (3)\\utils\\errorHandler.js:134:17)\n    at Layer.handle [as handle_request] (C:\\Users\\lenovo\\Desktop\\New folder (3)\\node_modules\\express\\lib\\router\\layer.js:95:5)\n    at trim_prefix (C:\\Users\\lenovo\\Desktop\\New folder (3)\\node_modules\\express\\lib\\router\\index.js:328:13)\n    at C:\\Users\\lenovo\\Desktop\\New folder (3)\\node_modules\\express\\lib\\router\\index.js:286:9\n    at Function.process_params (C:\\Users\\lenovo\\Desktop\\New folder (3)\\node_modules\\express\\lib\\router\\index.js:346:12)\n    at next (C:\\Users\\lenovo\\Desktop\\New folder (3)\\node_modules\\express\\lib\\router\\index.js:280:10)\n    at C:\\Users\\lenovo\\Desktop\\New folder (3)\\server.js:120:3\n    at Layer.handle [as handle_request] (C:\\Users\\lenovo\\Desktop\\New folder (3)\\node_modules\\express\\lib\\router\\layer.js:95:5)\n    at trim_prefix (C:\\Users\\lenovo\\Desktop\\New folder (3)\\node_modules\\express\\lib\\router\\index.js:328:13)\n    at C:\\Users\\lenovo\\Desktop\\New folder (3)\\node_modules\\express\\lib\\router\\index.js:286:9","timestamp":"2025-11-04T07:18:02.506Z","url":"/.well-known/appspecific/com.chrome.devtools.json","userAgent":"Mozilla/5.0 (Windows NT 10.0; Win64; x64) AppleWebKit/537.36 (KHTML, like Gecko) Chrome/142.0.0.0 Safari/537.36"}
{"ip":"::1","level":"error","message":"Cannot find /.well-known/appspecific/com.chrome.devtools.json on this server","method":"GET","service":"campus-event-hub-error-handler","stack":"NotFoundError: Cannot find /.well-known/appspecific/com.chrome.devtools.json on this server\n    at handle404 (C:\\Users\\lenovo\\Desktop\\New folder (3)\\utils\\errorHandler.js:134:17)\n    at Layer.handle [as handle_request] (C:\\Users\\lenovo\\Desktop\\New folder (3)\\node_modules\\express\\lib\\router\\layer.js:95:5)\n    at trim_prefix (C:\\Users\\lenovo\\Desktop\\New folder (3)\\node_modules\\express\\lib\\router\\index.js:328:13)\n    at C:\\Users\\lenovo\\Desktop\\New folder (3)\\node_modules\\express\\lib\\router\\index.js:286:9\n    at Function.process_params (C:\\Users\\lenovo\\Desktop\\New folder (3)\\node_modules\\express\\lib\\router\\index.js:346:12)\n    at next (C:\\Users\\lenovo\\Desktop\\New folder (3)\\node_modules\\express\\lib\\router\\index.js:280:10)\n    at C:\\Users\\lenovo\\Desktop\\New folder (3)\\server.js:120:3\n    at Layer.handle [as handle_request] (C:\\Users\\lenovo\\Desktop\\New folder (3)\\node_modules\\express\\lib\\router\\layer.js:95:5)\n    at trim_prefix (C:\\Users\\lenovo\\Desktop\\New folder (3)\\node_modules\\express\\lib\\router\\index.js:328:13)\n    at C:\\Users\\lenovo\\Desktop\\New folder (3)\\node_modules\\express\\lib\\router\\index.js:286:9","timestamp":"2025-11-04T07:18:03.939Z","url":"/.well-known/appspecific/com.chrome.devtools.json","userAgent":"Mozilla/5.0 (Windows NT 10.0; Win64; x64) AppleWebKit/537.36 (KHTML, like Gecko) Chrome/142.0.0.0 Safari/537.36"}
{"ip":"::1","level":"error","message":"Cannot find /.well-known/appspecific/com.chrome.devtools.json on this server","method":"GET","service":"campus-event-hub-error-handler","stack":"NotFoundError: Cannot find /.well-known/appspecific/com.chrome.devtools.json on this server\n    at handle404 (C:\\Users\\lenovo\\Desktop\\New folder (3)\\utils\\errorHandler.js:134:17)\n    at Layer.handle [as handle_request] (C:\\Users\\lenovo\\Desktop\\New folder (3)\\node_modules\\express\\lib\\router\\layer.js:95:5)\n    at trim_prefix (C:\\Users\\lenovo\\Desktop\\New folder (3)\\node_modules\\express\\lib\\router\\index.js:328:13)\n    at C:\\Users\\lenovo\\Desktop\\New folder (3)\\node_modules\\express\\lib\\router\\index.js:286:9\n    at Function.process_params (C:\\Users\\lenovo\\Desktop\\New folder (3)\\node_modules\\express\\lib\\router\\index.js:346:12)\n    at next (C:\\Users\\lenovo\\Desktop\\New folder (3)\\node_modules\\express\\lib\\router\\index.js:280:10)\n    at C:\\Users\\lenovo\\Desktop\\New folder (3)\\server.js:120:3\n    at Layer.handle [as handle_request] (C:\\Users\\lenovo\\Desktop\\New folder (3)\\node_modules\\express\\lib\\router\\layer.js:95:5)\n    at trim_prefix (C:\\Users\\lenovo\\Desktop\\New folder (3)\\node_modules\\express\\lib\\router\\index.js:328:13)\n    at C:\\Users\\lenovo\\Desktop\\New folder (3)\\node_modules\\express\\lib\\router\\index.js:286:9","timestamp":"2025-11-04T07:18:05.141Z","url":"/.well-known/appspecific/com.chrome.devtools.json","userAgent":"Mozilla/5.0 (Windows NT 10.0; Win64; x64) AppleWebKit/537.36 (KHTML, like Gecko) Chrome/142.0.0.0 Safari/537.36"}
{"ip":"::1","level":"error","message":"Cannot find /.well-known/appspecific/com.chrome.devtools.json on this server","method":"GET","service":"campus-event-hub-error-handler","stack":"NotFoundError: Cannot find /.well-known/appspecific/com.chrome.devtools.json on this server\n    at handle404 (C:\\Users\\lenovo\\Desktop\\New folder (3)\\utils\\errorHandler.js:134:17)\n    at Layer.handle [as handle_request] (C:\\Users\\lenovo\\Desktop\\New folder (3)\\node_modules\\express\\lib\\router\\layer.js:95:5)\n    at trim_prefix (C:\\Users\\lenovo\\Desktop\\New folder (3)\\node_modules\\express\\lib\\router\\index.js:328:13)\n    at C:\\Users\\lenovo\\Desktop\\New folder (3)\\node_modules\\express\\lib\\router\\index.js:286:9\n    at Function.process_params (C:\\Users\\lenovo\\Desktop\\New folder (3)\\node_modules\\express\\lib\\router\\index.js:346:12)\n    at next (C:\\Users\\lenovo\\Desktop\\New folder (3)\\node_modules\\express\\lib\\router\\index.js:280:10)\n    at C:\\Users\\lenovo\\Desktop\\New folder (3)\\server.js:120:3\n    at Layer.handle [as handle_request] (C:\\Users\\lenovo\\Desktop\\New folder (3)\\node_modules\\express\\lib\\router\\layer.js:95:5)\n    at trim_prefix (C:\\Users\\lenovo\\Desktop\\New folder (3)\\node_modules\\express\\lib\\router\\index.js:328:13)\n    at C:\\Users\\lenovo\\Desktop\\New folder (3)\\node_modules\\express\\lib\\router\\index.js:286:9","timestamp":"2025-11-04T07:18:06.219Z","url":"/.well-known/appspecific/com.chrome.devtools.json","userAgent":"Mozilla/5.0 (Windows NT 10.0; Win64; x64) AppleWebKit/537.36 (KHTML, like Gecko) Chrome/142.0.0.0 Safari/537.36"}
{"level":"warn","message":"MongoDB connection closed","service":"campus-event-hub","timestamp":"2025-11-04T09:57:31.351Z"}
{"level":"warn","message":"MongoDB connection closed","service":"campus-event-hub","timestamp":"2025-11-04T09:57:31.463Z"}
{"level":"warn","message":"MongoDB connection closed","service":"campus-event-hub","timestamp":"2025-11-04T09:57:31.492Z"}
{"level":"warn","message":"MongoDB connection closed","service":"campus-event-hub","timestamp":"2025-11-04T09:57:31.556Z"}
{"level":"warn","message":"MongoDB connection closed","service":"campus-event-hub","timestamp":"2025-11-04T09:57:31.620Z"}
{"level":"info","message":"MongoDB connection is ready","service":"campus-event-hub","timestamp":"2025-11-04T09:57:31.830Z"}
{"level":"info","message":"MongoDB connection is ready","service":"campus-event-hub","timestamp":"2025-11-04T09:57:32.035Z"}
{"level":"info","message":"MongoDB connection is ready","service":"campus-event-hub","timestamp":"2025-11-04T09:57:32.219Z"}
{"level":"info","message":"MongoDB connection is ready","service":"campus-event-hub","timestamp":"2025-11-04T09:57:32.422Z"}
{"level":"info","message":"MongoDB connection is ready","service":"campus-event-hub","timestamp":"2025-11-04T09:57:32.911Z"}
