{"level":"info","message":"EventService initialized successfully","service":"event-service","timestamp":"2025-10-14T10:06:02.332Z"}
{"level":"info","message":"EventService initialized successfully","service":"event-service","timestamp":"2025-10-14T11:03:21.322Z"}
{"level":"info","message":"EventService initialized successfully","service":"event-service","timestamp":"2025-10-14T13:20:11.735Z"}
{"level":"info","message":"EventService initialized successfully","service":"event-service","timestamp":"2025-10-14T13:55:07.956Z"}
{"level":"info","message":"EventService initialized successfully","service":"event-service","timestamp":"2025-10-14T13:56:58.994Z"}
{"level":"info","message":"EventService initialized successfully","service":"event-service","timestamp":"2025-10-14T14:12:44.783Z"}
{"level":"info","message":"EventService initialized successfully","service":"event-service","timestamp":"2025-10-14T17:05:44.869Z"}
{"level":"info","message":"EventService initialized successfully","service":"event-service","timestamp":"2025-10-14T17:09:56.588Z"}
{"level":"info","message":"EventService initialized successfully","service":"event-service","timestamp":"2025-10-14T17:11:27.750Z"}
{"level":"info","message":"EventService initialized successfully","service":"event-service","timestamp":"2025-10-14T17:19:12.408Z"}
{"level":"info","message":"EventService initialized successfully","service":"event-service","timestamp":"2025-10-14T17:25:41.076Z"}
{"level":"info","message":"EventService initialized successfully","service":"event-service","timestamp":"2025-10-14T17:29:03.001Z"}
{"level":"info","message":"EventService initialized successfully","service":"event-service","timestamp":"2025-10-14T17:34:47.891Z"}
{"eventId":"68ee09c588ec06bbb55ec0f7","level":"info","message":"Event updated successfully","service":"event-service","timestamp":"2025-10-14T17:36:29.827Z"}
{"level":"info","message":"EventService initialized successfully","service":"event-service","timestamp":"2025-10-14T17:41:46.125Z"}
{"level":"info","message":"EventService initialized successfully","service":"event-service","timestamp":"2025-10-14T17:46:42.601Z"}
{"level":"info","message":"EventService initialized successfully","service":"event-service","timestamp":"2025-10-14T18:15:20.888Z"}
{"level":"info","message":"EventService initialized successfully","service":"event-service","timestamp":"2025-10-14T18:16:18.580Z"}
{"level":"info","message":"EventService initialized successfully","service":"event-service","timestamp":"2025-10-14T18:16:55.605Z"}
{"level":"info","message":"EventService initialized successfully","service":"event-service","timestamp":"2025-10-14T18:28:52.048Z"}
{"level":"info","message":"EventService initialized successfully","service":"event-service","timestamp":"2025-10-14T18:34:58.369Z"}
{"eventId":"68ee9872b78f5986c52988b8","level":"info","message":"Event created successfully","service":"event-service","timestamp":"2025-10-14T18:37:38.646Z"}
{"level":"info","message":"EventService initialized successfully","service":"event-service","timestamp":"2025-10-14T18:54:05.103Z"}
{"level":"info","message":"EventService initialized successfully","service":"event-service","timestamp":"2025-10-14T18:54:56.756Z"}
{"level":"info","message":"EventService initialized successfully","service":"event-service","timestamp":"2025-10-14T18:57:45.343Z"}
{"level":"info","message":"EventService initialized successfully","service":"event-service","timestamp":"2025-10-14T18:58:15.426Z"}
{"level":"info","message":"EventService initialized successfully","service":"event-service","timestamp":"2025-10-16T07:52:52.229Z"}
{"eventId":"68ee09c588ec06bbb55ec0f7","level":"info","message":"Event registration created","registrationId":"68f0a48a8b7dba6cc4bb4fd0","service":"event-service","studentEmail":"dragosamuel443@gmail.com","timestamp":"2025-10-16T07:53:46.317Z"}
{"level":"info","message":"EventService initialized successfully","service":"event-service","timestamp":"2025-10-16T07:58:00.661Z"}
{"level":"info","message":"EventService initialized successfully","service":"event-service","timestamp":"2025-10-16T08:04:06.107Z"}
{"eventId":"68ee9872b78f5986c52988b8","level":"info","message":"Event deleted successfully","service":"event-service","timestamp":"2025-10-16T08:07:17.653Z"}
{"level":"info","message":"EventService initialized successfully","service":"event-service","timestamp":"2025-10-16T16:48:44.030Z"}
{"level":"info","message":"EventService initialized successfully","service":"event-service","timestamp":"2025-10-16T17:35:29.994Z"}
{"level":"info","message":"EventService initialized successfully","service":"event-service","timestamp":"2025-10-16T18:02:36.103Z"}
{"feedbackId":"68f1347f64e9ab9f329e0d62","level":"info","message":"Event feedback submitted","service":"event-service","studentEmail":"dragosamuel443@gmail.com","timestamp":"2025-10-16T18:07:59.208Z"}
{"level":"info","message":"EventService initialized successfully","service":"event-service","timestamp":"2025-10-16T18:13:03.495Z"}
{"level":"info","message":"EventService initialized successfully","service":"event-service","timestamp":"2025-10-16T18:23:41.721Z"}
{"level":"info","message":"EventService initialized successfully","service":"event-service","timestamp":"2025-10-16T18:49:07.098Z"}
{"level":"info","message":"EventService initialized successfully","service":"event-service","timestamp":"2025-10-18T18:34:55.789Z"}
{"eventId":"68ee09c588ec06bbb55ec0f7","level":"info","message":"Event deleted successfully","service":"event-service","timestamp":"2025-10-18T19:06:32.928Z"}
{"level":"info","message":"EventService initialized successfully","service":"event-service","timestamp":"2025-10-18T19:13:02.118Z"}
{"level":"info","message":"EventService initialized successfully","service":"event-service","timestamp":"2025-10-18T19:16:21.824Z"}
{"level":"info","message":"EventService initialized successfully","service":"event-service","timestamp":"2025-10-19T09:21:02.224Z"}
{"eventId":"68f4b2b98d716eef711be880","level":"info","message":"Event created successfully","service":"event-service","timestamp":"2025-10-19T09:43:22.020Z"}
{"level":"info","message":"EventService initialized successfully","service":"event-service","timestamp":"2025-10-19T09:59:54.784Z"}
{"level":"info","message":"EventService initialized successfully","service":"event-service","timestamp":"2025-10-19T10:02:38.460Z"}
{"eventId":"68f4b8322f248bd5b3df2cf4","level":"info","message":"Event created successfully","service":"event-service","timestamp":"2025-10-19T10:06:42.145Z"}
{"level":"info","message":"EventService initialized successfully","service":"event-service","timestamp":"2025-10-19T10:08:22.751Z"}
{"level":"info","message":"EventService initialized successfully","service":"event-service","timestamp":"2025-10-19T10:09:07.865Z"}
{"level":"info","message":"EventService initialized successfully","service":"event-service","timestamp":"2025-10-19T10:10:12.335Z"}
{"level":"info","message":"EventService initialized successfully","service":"event-service","timestamp":"2025-10-19T10:11:24.344Z"}
{"eventId":"68f4b8322f248bd5b3df2cf4","level":"info","message":"Event deleted successfully","service":"event-service","timestamp":"2025-10-19T10:21:11.954Z"}
{"level":"info","message":"EventService initialized successfully","service":"event-service","timestamp":"2025-10-19T10:24:32.764Z"}
{"eventId":"68f4b2b98d716eef711be880","level":"info","message":"Event registration created","registrationId":"68f4be5bb2dfef125f50f3ac","service":"event-service","studentEmail":"dragosamuel443@gmail.com","timestamp":"2025-10-19T10:32:59.815Z"}
{"level":"info","message":"EventService initialized successfully","service":"event-service","timestamp":"2025-10-19T10:34:39.866Z"}
{"level":"info","message":"EventService initialized successfully","service":"event-service","timestamp":"2025-10-19T10:39:16.371Z"}
{"level":"info","message":"EventService initialized successfully","service":"event-service","timestamp":"2025-10-19T10:58:17.861Z"}
{"eventId":"68f4c6143b871afc18a0d85c","level":"info","message":"Event created successfully","service":"event-service","timestamp":"2025-10-19T11:05:56.718Z"}
{"level":"info","message":"EventService initialized successfully","service":"event-service","timestamp":"2025-10-19T17:44:21.755Z"}
{"level":"info","message":"EventService initialized successfully","service":"event-service","timestamp":"2025-10-19T17:49:36.369Z"}
{"level":"info","message":"EventService initialized successfully","service":"event-service","timestamp":"2025-10-19T17:50:17.429Z"}
{"level":"info","message":"EventService initialized successfully","service":"event-service","timestamp":"2025-10-19T17:52:46.682Z"}
{"eventId":"68f4c6143b871afc18a0d85c","level":"info","message":"Event deleted successfully","service":"event-service","timestamp":"2025-10-19T17:53:47.862Z"}
{"level":"info","message":"EventService initialized successfully","service":"event-service","timestamp":"2025-10-19T17:56:15.773Z"}
{"level":"info","message":"EventService initialized successfully","service":"event-service","timestamp":"2025-10-19T17:59:45.253Z"}
{"level":"info","message":"EventService initialized successfully","service":"event-service","timestamp":"2025-10-19T18:02:37.171Z"}
{"level":"info","message":"EventService initialized successfully","service":"event-service","timestamp":"2025-10-19T18:06:17.524Z"}
{"level":"info","message":"EventService initialized successfully","service":"event-service","timestamp":"2025-10-19T18:13:14.968Z"}
{"eventId":"68f4b2b98d716eef711be880","level":"info","message":"Event registration created","registrationId":"68f52c53be604a3ba58471e3","service":"event-service","studentEmail":"dragosamuel443@gmail.com","timestamp":"2025-10-19T18:22:11.184Z"}
{"level":"info","message":"EventService initialized successfully","service":"event-service","timestamp":"2025-10-19T18:25:26.569Z"}
{"level":"info","message":"EventService initialized successfully","service":"event-service","timestamp":"2025-10-19T18:29:40.252Z"}
{"level":"info","message":"EventService initialized successfully","service":"event-service","timestamp":"2025-10-19T18:33:26.460Z"}
{"level":"info","message":"EventService initialized successfully","service":"event-service","timestamp":"2025-10-21T06:04:42.879Z"}
{"level":"info","message":"EventService initialized successfully","service":"event-service","timestamp":"2025-10-21T06:33:44.526Z"}
{"eventId":"68f7292254f83d75f5735189","level":"info","message":"Event deleted successfully","service":"event-service","timestamp":"2025-10-21T06:35:47.819Z"}
{"eventId":"68f72caf54f83d75f573518a","level":"info","message":"Event deleted successfully","service":"event-service","timestamp":"2025-10-21T06:49:47.685Z"}
{"level":"info","message":"EventService initialized successfully","service":"event-service","timestamp":"2025-10-27T18:04:22.911Z"}
{"level":"info","message":"EventService initialized successfully","service":"event-service","timestamp":"2025-11-03T10:10:21.790Z"}
{"eventId":"690880445b05c670152da5e6","level":"info","message":"Event created successfully","service":"event-service","timestamp":"2025-11-03T10:13:24.058Z"}
{"eventId":"690880445b05c670152da5e6","level":"info","message":"Event registration created","registrationId":"690882705b05c670152da5e7","service":"event-service","studentEmail":"dragosamuel443@gmail.com","timestamp":"2025-11-03T10:22:40.837Z"}
{"level":"info","message":"EventService initialized successfully","service":"event-service","timestamp":"2025-11-03T14:24:26.400Z"}
{"level":"info","message":"EventService initialized successfully","service":"event-service","timestamp":"2025-11-03T14:24:52.102Z"}
{"eventId":"6908bbba5b05c670152da5e9","level":"info","message":"Event created successfully","service":"event-service","timestamp":"2025-11-03T14:27:06.509Z"}
{"eventId":"6908bbba5b05c670152da5e9","level":"info","message":"Event registration created","registrationId":"6908bc135b05c670152da5ea","service":"event-service","studentEmail":"dragosamuel443@gmail.com","timestamp":"2025-11-03T14:28:35.340Z"}
{"eventId":"690880445b05c670152da5e6","level":"info","message":"Event updated successfully","service":"event-service","timestamp":"2025-11-03T14:32:34.891Z"}
{"eventId":"690880445b05c670152da5e6","level":"info","message":"Event deleted successfully","service":"event-service","timestamp":"2025-11-03T14:39:39.216Z"}
{"eventId":"6908bbba5b05c670152da5e9","level":"info","message":"Event registration created","registrationId":"6908bfe45b05c670152da5eb","service":"event-service","studentEmail":"bbulyaagatha@gmail.com","timestamp":"2025-11-03T14:44:52.343Z"}
{"eventId":"6908bbba5b05c670152da5e9","level":"info","message":"Event deleted successfully","service":"event-service","timestamp":"2025-11-03T14:47:49.112Z"}
{"eventId":"6908c18d5b05c670152da5ec","level":"info","message":"Event created successfully","service":"event-service","timestamp":"2025-11-03T14:51:57.318Z"}
{"eventId":"6908c18d5b05c670152da5ec","level":"info","message":"Event registration created","registrationId":"6908c1f95b05c670152da5ed","service":"event-service","studentEmail":"jovianambalirwa38@gmail.com","timestamp":"2025-11-03T14:53:45.417Z"}
{"level":"info","message":"EventService initialized successfully","service":"event-service","timestamp":"2025-11-04T04:56:57.685Z"}
{"level":"info","message":"EventService initialized successfully","service":"event-service","timestamp":"2025-11-04T05:32:50.765Z"}
{"eventId":"6908c18d5b05c670152da5ec","level":"info","message":"Event deleted successfully","service":"event-service","timestamp":"2025-11-04T05:49:31.726Z"}
{"level":"info","message":"EventService initialized successfully","service":"event-service","timestamp":"2025-11-04T05:57:45.065Z"}
{"level":"info","message":"EventService initialized successfully","service":"event-service","timestamp":"2025-11-04T05:58:03.763Z"}
{"eventId":"69099633d4d92d4119e110d5","level":"info","message":"Event created successfully","service":"event-service","timestamp":"2025-11-04T05:59:15.958Z"}
{"eventId":"69099633d4d92d4119e110d5","level":"info","message":"Event registration created","registrationId":"69099646d4d92d4119e110d6","service":"event-service","studentEmail":"dragosamuel443@gmail.com","timestamp":"2025-11-04T05:59:34.163Z"}
{"level":"info","message":"EventService initialized successfully","service":"event-service","timestamp":"2025-11-04T06:02:32.820Z"}
{"level":"info","message":"EventService initialized successfully","service":"event-service","timestamp":"2025-11-04T06:07:19.200Z"}
{"level":"info","message":"EventService initialized successfully","service":"event-service","timestamp":"2025-11-04T06:19:38.589Z"}
{"eventId":"69099633d4d92d4119e110d5","level":"info","message":"Event deleted successfully","service":"event-service","timestamp":"2025-11-04T06:20:11.009Z"}
{"eventId":"69099cc16611c31699435618","level":"info","message":"Event created successfully","service":"event-service","timestamp":"2025-11-04T06:27:13.325Z"}
{"level":"info","message":"EventService initialized successfully","service":"event-service","timestamp":"2025-11-04T06:39:23.597Z"}
{"level":"info","message":"EventService initialized successfully","service":"event-service","timestamp":"2025-11-04T06:59:54.520Z"}
{"eventId":"69099cc16611c31699435618","level":"info","message":"Event deleted successfully","service":"event-service","timestamp":"2025-11-04T07:00:51.504Z"}
{"level":"info","message":"EventService initialized successfully","service":"event-service","timestamp":"2025-11-04T07:02:54.920Z"}
{"level":"info","message":"EventService initialized successfully","service":"event-service","timestamp":"2025-11-04T07:04:29.083Z"}
{"eventId":"6909a65998bad0d964465415","level":"info","message":"Event created successfully","service":"event-service","timestamp":"2025-11-04T07:08:09.854Z"}
{"eventId":"6909a65998bad0d964465415","level":"info","message":"Event registration created","registrationId":"6909a6f198bad0d964465416","service":"event-service","studentEmail":"karimabdoullw2@gmail.com","timestamp":"2025-11-04T07:10:41.921Z"}
{"eventId":"6909a65998bad0d964465415","level":"info","message":"Event deleted successfully","service":"event-service","timestamp":"2025-11-04T07:11:56.732Z"}
{"eventId":"6909a90698bad0d964465417","level":"info","message":"Event created successfully","service":"event-service","timestamp":"2025-11-04T07:19:34.048Z"}
{"eventId":"6909a90698bad0d964465417","level":"info","message":"Event registration created","registrationId":"6909a92c98bad0d964465418","service":"event-service","studentEmail":"dragosamuel443@gmail.com","timestamp":"2025-11-04T07:20:12.362Z"}
{"eventId":"6909a90698bad0d964465417","level":"info","message":"Event updated successfully","service":"event-service","timestamp":"2025-11-04T07:20:52.838Z"}
{"level":"info","message":"EventService initialized successfully","service":"event-service","timestamp":"2025-11-04T14:31:05.452Z"}
